[Cmds]
BTKEYBOARDSELECT=
IFVAR;LANGUAGE=ru;SETVAR;KBLAYOUT;1<<SETVAR;KBLAYOUT;0=
pbadd;toto=
mobilephone_phonebooksort=
SHIFT=
osk=
osktovar=
osktovar;toto=
Overlay;mobilecall_overlay.skin=
Overlay;MOBILECALL_IN_OVERLAY.skin=
CloseOverlay=
menu;mobilcall.skin=
mobilephone_checkcontactname;0102030405=
OverlayResume=
Popup;AppNoSet.skin=
Popup;AppNoSet.skin;5=
Popup;mobilecall.skin=
Popup;mobilecall.skin;2=
BYVAR;KBLAYOUT;SETVAR;KBLAYOUT;1<<SETVAR;KBLAYOUT;0=
SKIPTODESC;Galaxy A5 (2016)=
SEARCHLIST;Galaxy A5 (2016)=
load;mobilephone_player.skin=
setvarbycode;songpos;test=
MOBILEPHONE_AVRPLAY=
stop=
pause=
mobilephone_smsviewnumber;0=
mobilephone_viewsms=
load;osk.skin=
SETVAR;KBLAYOUT;0=
SETVAR;KBLAYOUT;1=
reloadscreen=
MOBILEPHONE_ADDCONTACT.skin=
menu;MOBILEPHONE_ADDCONTACT.skin=
popup;MOBILEPHONE_ADDCONTACT.skin=
TESTCALLIN=
TESTSTANDBY=
mobilephone_settings=
SETVARFROMVAR;MOBILEPHONE_SETTINGSINFO;l_set_BTM_ClickOnApply !!!=
SetVarFromVar;MOBILEPHONE_SETTINGSINFO;l_set_BTM_DeviceListIsUpdated !!!=
SetVarFromVar;MOBILEPHONE_SETTINGSINFO;$l_set_BTM_DeviceListIsUpdated$ !!!=
SetVarFromVar;MOBILEPHONE_SETTINGINFO;l_set_BTM_DeviceListIsUpdated !!!=
SetVarFromVar;MOBILEPHONE_SETTINGINFO;l_set_BTM_DeviceListIsUpdated=
menu;mobilephone_check.skin=
search=
search||enter=
load;phoco.skin=
menu;mobilephone_numpad.skin=
activate;skintool=
SENDMSG;skintool;Hello!=
ONCLCLICK=
MOBILEPHONE_CLEAR=
SHIFTLOCK=
SETVAR;TITI;RU=
if;strcomp("$TITI$";"RU");{SetVar;LAYOUT;1};{SetVar;LAYOUT;0}=
SETVAR;TITI;FR=
clfind;benj=
clfind;be=
skipto;be=
skipto;cA=
skiptodesc;pi=
skiptodesc;au=
skipto;au=
EVAL;RESULT;5*4=
MOBILEPHONE_CKECKDSLANG=
mobilephone_resetphonebook=
POPUP;MOBILEPHONE_MESSAGEBOX.SKIN;5=
MENU;MOBILEPHONE_MESSAGEBOX.SKIN=
mobilephone_switchtoru=
mobilephone_switchtoen=
Popup;menu_panel.skin;10=
quit=
setvar;user;toto=
SAY;You have a new call from $USER$=
setvar;IsPhoneTalk;1=
setvar;IsPhoneTalk;0=
mobilephone_smsread=
menu;osk.skin=
menu;osk2.skin=
LangToggle=
SENDKEY;$LangToggleSet$=
LOAD;SKIPTO_OSK.skin=
LOAD;SKIPTO_OSK_PM.skin=
MENU;SKIPTO_OSK_PM.skin=
esc=
setru=
setfr=
POPUP;SKIPTO_OSK.skin;5=
MENU;SKIPTO_OSK.skin=
mobilephone_changlang;419=
mobilephone_changlang;&h419=
SETVARBYCODE;SCREEN;RRSCREEN=
IFVARDS;SCREEN++mobilephone_smsread;SETVARFROMVAR;MOBILEPHONE_SMSINFO;l_set_BTM_UnreadSmSInfo<<DOTHING=
SETVARBYCODE;SCREEN;RRSCREEN||if;strcomp($SCREEN$, MOBILEPHONE_SMSWRITE);{SETVARFROMVAR;MOBILEPHONE_SMSINFO;l_set_BTM_UnreadSmSInfo};{SETVAR;MOBILEPHONE_SMSINFO;Test coucou}=
SETVARBYCODE;SCREEN;RRSCREEN||if;strcomp($SCREEN$, MOBILEPHONE_SMSWRITE);{SETVAR;MOBILEPHONE_INFO;OK||POPUP;MOBILEPHONE_MESSAGEBOX.SKIN;5};{SETVAR;MOBILEPHONE_INFO;Pas OK||POPUP;MOBILEPHONE_MESSAGEBOX.SKIN;5}=
SETVARBYCODE;SCREEN;RRSCREEN||if;strcomp("$SCREEN$"," MOBILEPHONE_SMSWRITE");{SETVAR;MOBILEPHONE_INFO;OK||POPUP;MOBILEPHONE_MESSAGEBOX.SKIN;5};{SETVAR;MOBILEPHONE_INFO;Pas OK||POPUP;MOBILEPHONE_MESSAGEBOX.SKIN;5}=
SETVARBYCODE;SCREEN;RRSCREEN||if;strcomp("$SCREEN$"," MOBILEPHONE_SMSREAD");{SETVAR;MOBILEPHONE_INFO;OK||POPUP;MOBILEPHONE_MESSAGEBOX.SKIN;5};{SETVAR;MOBILEPHONE_INFO;Pas OK||POPUP;MOBILEPHONE_MESSAGEBOX.SKIN;5}=
SETVARBYCODE;SCREEN;RRSCREEN||if;strcomp($SCREEN$, MOBILEPHONE_SMSREAD);{SETVAR;MOBILEPHONE_INFO;OK||POPUP;MOBILEPHONE_MESSAGEBOX.SKIN;5};{SETVAR;MOBILEPHONE_INFO;Pas OK||POPUP;MOBILEPHONE_MESSAGEBOX.SKIN;5}=
SETVARBYCODE;SCREEN;RRSCREEN||if;strcomp("$SCREEN$", MOBILEPHONE_SMSREAD);{SETVAR;MOBILEPHONE_INFO;OK||POPUP;MOBILEPHONE_MESSAGEBOX.SKIN;5};{SETVAR;MOBILEPHONE_INFO;Pas OK||POPUP;MOBILEPHONE_MESSAGEBOX.SKIN;5}=
SETVARBYCODE;SCREEN;RRSCREEN||if;strcomp($SCREEN$,MOBILEPHONE_SMSREAD);{SETVAR;MOBILEPHONE_INFO;OK||POPUP;MOBILEPHONE_MESSAGEBOX.SKIN;5};{SETVAR;MOBILEPHONE_INFO;Pas OK||POPUP;MOBILEPHONE_MESSAGEBOX.SKIN;5}=
SETVARBYCODE;SCREEN;RRSCREEN||if;strcomp($SCREEN$,MOBILEPHONE_SMSREAD.skin);{SETVAR;MOBILEPHONE_INFO;OK||POPUP;MOBILEPHONE_MESSAGEBOX.SKIN;5};{SETVAR;MOBILEPHONE_INFO;Pas OK||POPUP;MOBILEPHONE_MESSAGEBOX.SKIN;5}=
mobilephone_checkifsmsread=
POPUP;screen_a.skin;10=
reloadskin=
ZCheckGps;sat_status=
ZCheckGps;!sat_status=
accelerometer=
minimize=
SETVAR;TEXTTOSEND;Google Maps:<crlf> toto=
SETVAR;TEXTTOSEND;Google Maps:crlf toto=
SETVAR;TEXTTOSEND;Google Maps: <crlf> toto=
SETVAR;TEXTTOSEND;Google Maps: <crlf><crlf> toto=
ZSetVarByCode;CurrentSatCount;GPSSAT=
load;ExecGPS_MSG_small.skin=
popup;ExecGPS_MSG_small.skin;5=
BigWindowPoiMSG1=
popup;ExecGPS_MSG.skin;5=
load;mixer_presets.skin=
load;mixer_eq.skin=
mobilephone_checkcontactname;0603363212=
clclear;all=
plclear;all=
pbclear;all=
pclear;all=
SetVar;OSK_Help;$l_contact_search_help$||Search=
load;MOBILEPHONE_SMSWRITE.skin=
load;MOBILEPHONE_LOCKINMOTION.skin=
menu;MOBILEPHONE_LOCKINMOTION.skin=
mobilephone_smswrite=
test_extpower=
mobilephone_debugon=
menu;wait.skin=
menu;fc_wait.skin=
menu;cf_gps_clear.skin=
pb_test=
SETVARBYCODE;FAVORITE;CLTEXT=
wait;5||esc=
EndPhoneCall=
resume=
SETVARBYCODE;OLDVOLUME;VOLUME=
SETVOL;MASTER;$OLDVOLUME$=
SETVOL;MASTER;OLDVOLUME=
SETVOL;MASTER;100=
mobilephone_a2dponoff=
mobilephone_pn;0603363212=
mobilephone_pn;603363212=
mobilephone_pn2;=
mobilephone_pn2;0603363212=
viewentryload=
mobilephone_viewentry=
load;mobilephone_viewentry.skin=
load;mobilephone_entry.skin=
load;contact_set_phonenumber_type.skin=
menu;contact_set_phonenumber_type.skin=
SetVar;PhoneNumberNType;1=
SETVAR;MOBILEPHONE_INFO;$l_set_MessageInfo$=
SETVARFROMVAR;MOBILEPHONE_INFO;l_set_MessageInfo=
SETVAR;MOBILEPHONE_INFO;Ok=
CLADD;Phone $mobilephone_cardphonenumber$ is added as $mobilephone_typephone$=
POPUP;MOBILEPHONE_MESSAGEBOX.SKIN;5||CLCLEAR;ALL||SETVARFROMVAR;MOBILEPHONE_INFO;l_set_MessageInfo||||CLADD;Phone $mobilephone_cardphonenumber$ is added as $mobilephone_typephone$ !!!=
menu;MOBILEPHONE_CHOOSENUMBER.skin=
SETVARFROMVAR;MOBILEPHONE_INFO;$l_set_BTM_VcardIsBuild$=
SETVARFROMVAR;MOBILEPHONE_INFO;l_set_BTM_VcardIsBuild=
menu;contact_set_ContactPhoto.skin=
menu;contact_set_ContactRingTone.skin=
MOBILEPHONE_DIAL;$MOBILEPHONE_FAVORITE1NUMBER$=
MOBILEPHONE_DIAL;emergency=
load;media_source_next.skin=
menu;media_source_next.skin=
menu;QueryPhoneNum.skin=
menu;phoco_AutoReadPhoneBook.skin=
menu;set_mixer_add.skin=
menu;RRPoi_home.skin=
menu;ReadingPhoneBook.skin=
menu;MOBILECALL_IN_OVERLAY.skin=
zpopup;MOBILECALL_IN_OVERLAY.skin;5=
popup;MOBILECALL_IN_OVERLAY.skin;5=
popup;confirm.skin=
popup;phone_selector.skin=
POPUP;PHONE_SELECTOR.skin;5=
MENU;PHONE_SELECTOR.skin=
POPUP;ReadingPhoneBook.skin;5=
SETVARFROMVAR;l_ReadingPhoneBook;l_set_BTM_NewSMSFrom=
SETVARFROMVAR;l_ReadingPhoneBook;l_set_BTM_NewSMSFrom   TOTO=
mobilephone_resetpopupmap=
MOBILEPHONE_MSGUNREADONLY=
cladd;toto=
mobilephone_reloadsmstext=
cladd;=
testerr=
setvar;MOBILEPHONE_FAVORITE8NAME;123=
setvar;MOBILEPHONE_FAVORITE8NUMBER;123=
menu;MOBILECALL.skin=
setvar;PhoneNumber1Type;1=
setvar;PhoneNumber2Type;1=
setvar;PhoneNumber2Type;0=
setvar;PhoneNumber1Type;0=
SetIndBlink;mobilephone_synchronizing;true=
SetIndBlink;mobilephone_synchronizing;false=
go=
mobilephone_checkcontactname;+33603363212=
mobilephone_checkcontactname;0671951288=
mobilephone_checkcontactname;+33671951588=
mobilephone_checkcontactname;+33671951288=
SETVARFROMVAR;l_ReadingPhoneBook;l_set_BTM_NewSMS !!!=
SETVARFROMVAR;l_ReadingPhoneBook;l_set_BTM_NewSMS=
SETVAR;l_ReadingPhoneBook;$l_set_BTM_NewSMS$ !!!=
simple=
cladd;all=
GridAdd;toto=
GridAdd;toto*_*_*titi*_*_*;ssid<<profile<<securityEnabled<<networkConnectable<<wlanSignalQuality<<dot11DefaultAuthAlgorithm<<dot11DefaultCipherAlgorithm<<Connected<<HasProfile;=
grclear;all=
cladd;titi=
cladd;patapouf=
CLAdd;Test=
GridAdd;Test*-*-*ssid_name*-*-*profile;ssid<<profile<<securityEnabled<<networkConnectable<<wlanSignalQuality<<dot11DefaultAuthAlgorithm<<dot11DefaultCipherAlgorithm<<Connected<<HasProfile;local_13_1<<local_18_1<<local_14_1<<networkConnectable<<local_15_1<<local_19_1<<local_20_1<<local_16_1<<local_17_1=
GridClear;All=
GridAdd;Test*-*-*ssid_name*-*-*profile;ssid<<profile<<securityEnabled<<networkConnectable<<wlanSignalQuality<<dot11DefaultAuthAlgorithm<<dot11DefaultCipherAlgorithm<<Connected<<HasProfile;ssid: ssid.name<<local_18_1<<local_14_1<<networkConnectable<<local_15_1<<local_19_1<<local_20_1<<local_16_1<<local_17_1=
GridAdd;Test*-*-*ssid_name*-*-*profile;ssid<<profile<<securityEnabled<<networkConnectable<<wlanSignalQuality<<dot11DefaultAuthAlgorithm<<dot11DefaultCipherAlgorithm<<Connected<<HasProfile;ssid: ssid.name<<Wifi Profile<<local_14_1<<networkConnectable<<local_15_1<<local_19_1<<local_20_1<<local_16_1<<local_17_1=
GridAdd;Test*-*-*ssid_name*-*-*profile;ssid<<profile<<securityEnabled<<networkConnectable<<wlanSignalQuality<<dot11DefaultAuthAlgorithm<<dot11DefaultCipherAlgorithm<<Connected<<HasProfile;ssid: ssid.name<<Wifi Profile<<local_14_1<<networkConnectable<<local_15_1<<local_19_1<<local_20_1<<$skinpath$Plugins\iCarWiFi\Connected.png<<local_17_1=
GridAdd;Test*-*-*ssid_name*-*-*profile;ssid<<profile<<securityEnabled<<networkConnectable<<wlanSignalQuality<<dot11DefaultAuthAlgorithm<<dot11DefaultCipherAlgorithm<<Connected<<HasProfile;ssid: ssid.name<<Wifi Profile<<local_14_1<<networkConnectable<<local_15_1<<local_19_1<<local_20_1<<$skinpath$Plugins\iCarWiFi\Connected.png<<$skinpath$Plugins\iCarWiFi\profile.png=
GridAdd;Test*-*-*ssid_name*-*-*profile;ssid<<profile<<securityEnabled<<networkConnectable<<wlanSignalQuality<<dot11DefaultAuthAlgorithm<<dot11DefaultCipherAlgorithm<<Connected<<HasProfile;ssid: ssid.name<<Wifi Profile<<$skinpath$Plugins\iCarWiFi\security.png<<networkConnectable<<local_15_1<<local_19_1<<local_20_1<<$skinpath$Plugins\iCarWiFi\Connected.png<<$skinpath$Plugins\iCarWiFi\profile.png=
GridAdd;Test*-*-*ssid_name*-*-*profile;ssid<<profile<<securityEnabled<<networkConnectable<<wlanSignalQuality<<dot11DefaultAuthAlgorithm<<dot11DefaultCipherAlgorithm<<Connected<<HasProfile;ssid: ssid.name<<Wifi Profile<<$skinpath$Plugins\iCarWiFi\security.png<<networkConnectable<<$skinpath$Plugins\iCarWiFi\wlanSignal_3.png<<local_19_1<<local_20_1<<$skinpath$Plugins\iCarWiFi\Connected.png<<$skinpath$Plugins\iCarWiFi\profile.png=
GridAdd;Test*-*-*ssid_name*-*-*profile;ssid<<profile<<securityEnabled<<networkConnectable<<wlanSignalQuality<<dot11DefaultAuthAlgorithm<<dot11DefaultCipherAlgorithm<<Connected<<HasProfile;ssid: ssid.name<<Wifi Profile<<$skinpath$Plugins\iCarWiFi\security.png<<networkConnectable<<$skinpath$Plugins\iCarWiFi\wlanSignal_3.png<<AuthAlgorithm<<CipherAlgorithm<<$skinpath$Plugins\iCarWiFi\Connected.png<<$skinpath$Plugins\iCarWiFi\profile.png=
GridAdd;Test*-*-*ssid_name*-*-*profile;ssid<<profile<<securityEnabled<<networkConnectable<<wlanSignalQuality<<dot11DefaultAuthAlgorithm<<dot11DefaultCipherAlgorithm<<Connected<<HasProfile;ssid: ssid.name<<Wifi Profile<<$skinpath$Plugins\iCarWiFi\security.png<<networkConnectable<<$skinpath$Plugins\iCarWiFi\wlanSignal_1.png<<AuthAlgorithm<<CipherAlgorithm<<$skinpath$Plugins\iCarWiFi\Connected.png<<$skinpath$Plugins\iCarWiFi\profile.png=
Pbadd;toto<<titi;a;b=
Phoneadd;toto<<titi;a;b=
cladd;toto<<titi;a;b=
ShowInternalList=
GridAdd;Test*-*-*ssid_name*-*-*profile;ssid<<profile<<securityEnabled<<networkConnectable<<wlanSignalQuality<<dot11DefaultAuthAlgorithm<<dot11DefaultCipherAlgorithm<<Connected<<HasProfile;ssid: ssid.name<<Wifi Profile<<$skinpath$Plugins\iCarWiFi\security.png<<networkConnectable<<$skinpath$Plugins\iCarWiFi\wlanSignal_1.png<<AuthAlgorithm<<CipherAlgorithm<<$skinpath$Plugins\iCarWiFi\emergency.png<<$skinpath$Plugins\iCarWiFi\profile.png=
gridsave;papa.txt=
BOTTOMGrid=
padd;test=
padd;test<<010202=
gridadd;test<<010202=
gridadd;tes;010202=
gridadd;test<<essai;ab<<010202=
GridAdd;1;date<<time<<name<<detail<<detail_cost<<work_cost<<cost<<odometer<<price<<count<<lattitude<<longitude<<calc_cost;DATE<<TIME<<Note Name<<Note Detail<<Note list & Info<<Note cost & info<<Cost<<Odometer<<Note count0<<Note count1<<Latitude<<Longitude<<str4=
GridAdd;3;date<<time<<name<<detail<<detail_cost<<work_cost<<cost<<odometer<<price<<count<<lattitude<<longitude<<calc_cost;DATE<<TIME<<Note Name<<Note Detail<<Note list & Info<<Note cost & info<<Cost<<Odometer<<Note count0<<Note count1<<Latitude<<Longitude<<str4=
GridAdd;separator;name<<detail<<cost<<time_reminder_icon<<time_reminder<<odometer_reminder_icon<<odometer_reminder<<alarm_reminder_icon;<<<<=
GridAdd;name;name<<detail<<cost<<time_reminder_icon<<time_reminder<<odometer_reminder_icon<<odometer_reminder<<alarm_reminder_icon;Name<<<<Info8<<<<<<<<<<=
GridAdd;name;name<<detail<<cost<<time_reminder_icon<<time_reminder<<odometer_reminder_icon<<odometer_reminder<<alarm_reminder_icon;Name<< <<Info8<< << << << <<<<<<=
GridAdd;name;name<<detail<<cost<<time_reminder_icon<<time_reminder<<odometer_reminder_icon<<odometer_reminder<<alarm_reminder_icon;Name<<A<<Info8<< << << << <<<<<<=
GridAdd;name;name<<detail<<cost<<time_reminder_icon<<time_reminder<<odometer_reminder_icon<<odometer_reminder<<alarm_reminder_icon;Name<<A<<Info8<<B<<C<<D<<E<<F<<G<<H=
load;notes_2.skin=
mobilephone_phonebookget;MCH=
errortest=
mobilephone_timer1onoff=
mobilephone_timer2onoff=
load;mobilephone_settings.skin=
showphonelist=
phonebookexecute=
load;filecommander_right.skin=
load;filecommander_left.skin=
load;copytest.skin=
cladd;test copy=
CLSETIMG;1;$SkinPath$Indicators\BIRTHDAY_01.png=
fc_ToggleAllSelection=
load;choose_disk.skin=
menu;choose_disk.skin=
load;test.skin=
menu;test.skin=
menu;copytest.skin=
load;choice_sound.skin=
MENU;MOBILEPHONE_ATTACHFILE.SKIN=
SETVAR;l_ReadingPhoneBook;A file is attached !||POPUP;ReadingPhoneBook.SKIN;5=
booknames=
msgnames=
test=
gtrans=
[Info]
KBLAYOUT=
language=
LAYOUT=
VKKEY:70=
VKKEY:7=
VKKEY:65=
MODE=
result=
LangName=
gpssat=
gps=
gpsva=
gpsvalid=
mobilephone_checkheading=
IsPhoneTalk=
CurrentApp=
CurrentAppImg=
overlay=
RRSCREEN=
SKINPATH=
autovol1_name=
autovol2_name=
autovol_name=
autovol3_name=
l_set_BTM_ReadSMS=
rrsceen=
SCREEN=
l_set_BTM_SendToContact=
MOBILEPHONE_SMSINFO=
LANGNA=
LANG=
LangToggleSet=
l_set_BTM_CheckSMS=
sat_status=
!sat_status=
MOBILEPHONE_MSGNUMBEROFMSG=
gpss=
gpsspd=
gpsspdn=
gpssp=
gpssa=
latgps=
lagps=
gpslat=
hgps=
hdggps=
hdgps=
gpsh=
gpshdg=
gps_speed=
gps_sat=
gps_sats=
logps=
lgps=
gpsla=
CurrentSatCount=
volume=
test_song_duration=
vol=
l_contact_search_help=
MOBILEPHONE_CLDESC=
CLDESC=
CLtext=
MOBILEPHONE_PHONESTATUS=
l_set_BTM_PhoneStatus=
CONTACTIMGTOSEND=
VAR;CONTACTIMGTOSEND=
climg=
MOBILEPHONE_PHONEBOOKPICTURE=
vaCONTACTIMGTOSEND=
varCONTACTIMGTOSEND=
laCONTACTIMGTOSEND=
labelCONTACTIMGTOSEND=
label;CONTACTIMGTOSEND=
mobilephone_batterycharging=
mobilephone_oldvolume=
MOBILEPHONE_HFPSTATUSSTR=
mobilephone_oldplayerstatus=
mobilephone_a2dpisactive=
$MyApp_Monitor$=
$MyApp_Monitor=
MyApp_Monitor=
gpslate=
mobilephone_cardphonenumber=
PhoneNumberNType=
MOBILEPHONE_INFO=
l_set_MessageInfo=
mobilephone_typephone=
PhoneNumber1Type=
l_alias=
GPS_TCP_port=
vol_from_speed_full=
MOBILEPHONE_FAVORITE1IMG=
MOBILEPHONE_FAVORITE2IMG=
MOBILEPHONE_MAPSERVICE=
l_ReadingPhoneBook=
MOBILEPHONE_MSGIMAGE=
MOBILEPHONE_MSGPHONENUMBER=
MOBILEPHONE_FAVORITE8NUMBER=
MOBILEPHONE_FAVORITE8NAME=
MOBILEPHONE_CALLERNAME=
MOBILEPHONE_CALLERID=
PhoneNumber2Type=
PhoneNumber3Type=
l_set_BTM_Unknown=
MOBILEPHONE_NEWPHOTOPATH=
profile=
securityEnabled<<networkConnectable<<wlanSignalQuality<<dot11DefaultAuthAlgorithm<<dot11DefaultCipherAlgorithm<<Connected<<HasProfile;ssid: ssid.name<<Wifi Profile<<$skinpath$Plugins\iCarWiFi\security.png<<networkConnectable<<local_15_1<<local_19_1<<local_20_1<<$skinpath$Plugins\iCarWiFi\Connected=
securityEnabled=
GridUrl=
vcardid=
=
FAVORITE=
MOBILEPHONE_FAVORITE1IMG2=
MOBILEPHONE_FAVORITEIMG=
CONTACTNAMETOSEND=
mobilephone_timerrequestinfos=
mobilephone_timercheckdevicepresence=
mobilephone_batterystrength=
mobilephone_signalstrength=
ph=
phone=
phonebook=
phonebookl=
phonebooklist=
phonebooklistpat=
phonebooklistpath=
phonebooklistpath@=
FileCommander_Right_disk=
dltex=
dltext=
dl=
dldes=
dldesc=
dlname=
dlinfo=
dlinfos=
dli=
MOBILEPHONE_PATHATTCHFILE=
d=
FILE;$MOBILEPHONE_PATHATTCHFILE$=
FILE;$MOBILEPHONE_PATHATTCHFILE$$imagefilename$=
$imagefilename$=
imagefilename$=
imagefilename=
MOBILEPHONE_ADDMSGATTACHEXIST=
=$MOBILEPHONE_PATHATTCHFILE$$IMAGEFILENAME$=
=$MOBILEPHONE_PATHATTCHFILE$$IMAGEFILENAME$=
=$MOBILEPHONE_PATHATTCHFILE$$IMAGEFILENAME$=
=$MOBILEPHONE_PATHATTCHFILE$$IMAGEFILENAME$=
=$MOBILEPHONE_PATHATTCHFILE$$IMAGEFILENAME$=
=$MOBILEPHONE_PATHATTCHFILE$$IMAGEFILENAME$=
=$MOBILEPHONE_PATHATTCHFILE$$IMAGEFILENAME$=
=$MOBILEPHONE_PATHATTCHFILE$$IMAGEFILENAME$=
=$MOBILEPHONE_PATHATTCHFILE$$IMAGEFILENAME$=
=$MOBILEPHONE_PATHATTCHFILE$$IMAGEFILENAME$=
=$MOBILEPHONE_PATHATTCHFILE$$IMAGEFILENAME$=
=$MOBILEPHONE_PATHATTCHFILE$$IMAGEFILENAME$=
=$MOBILEPHONE_PATHATTCHFILE$$IMAGEFILENAME$=
=$MOBILEPHONE_PATHATTCHFILE$$IMAGEFILENAME$=
=$MOBILEPHONE_PATHATTCHFILE$$IMAGEFILENAME$=
=$MOBILEPHONE_PATHATTCHFILE$$IMAGEFILENAME$=
=$MOBILEPHONE_PATHATTCHFILE$$IMAGEFILENAME$=
=$MOBILEPHONE_PATHATTCHFILE$$IMAGEFILENAME$=
=$MOBILEPHONE_PATHATTCHFILE$$IMAGEFILENAME$=
=$MOBILEPHONE_PATHATTCHFILE$$IMAGEFILENAME$=
=$MOBILEPHONE_PATHATTCHFILE$$IMAGEFILENAME$=
=$MOBILEPHONE_PATHATTCHFILE$$IMAGEFILENAME$=
=$MOBILEPHONE_PATHATTCHFILE$$IMAGEFILENAME$=
=$MOBILEPHONE_PATHATTCHFILE$$IMAGEFILENAME$=
=$MOBILEPHONE_PATHATTCHFILE$$IMAGEFILENAME$=
=$MOBILEPHONE_PATHATTCHFILE$$IMAGEFILENAME$=
=$MOBILEPHONE_PATHATTCHFILE$$IMAGEFILENAME$=
=$MOBILEPHONE_PATHATTCHFILE$$IMAGEFILENAME$=
=$MOBILEPHONE_PATHATTCHFILE$$IMAGEFILENAME$=
=$MOBILEPHONE_PATHATTCHFILE$$IMAGEFILENAME$=
=$MOBILEPHONE_PATHATTCHFILE$$IMAGEFILENAME$=
=$MOBILEPHONE_PATHATTCHFILE$$IMAGEFILENAME$=
=$MOBILEPHONE_PATHATTCHFILE$$IMAGEFILENAME$=
=$MOBILEPHONE_PATHATTCHFILE$$IMAGEFILENAME$=
=$MOBILEPHONE_PATHATTCHFILE$$IMAGEFILENAME$=
=$MOBILEPHONE_PATHATTCHFILE$$IMAGEFILENAME$=
=$MOBILEPHONE_PATHATTCHFILE$$IMAGEFILENAME$=
=$MOBILEPHONE_PATHATTCHFILE$$IMAGEFILENAME$=
=$MOBILEPHONE_PATHATTCHFILE$$IMAGEFILENAME$=
=$MOBILEPHONE_PATHATTCHFILE$$IMAGEFILENAME$=
=$MOBILEPHONE_PATHATTCHFILE$$IMAGEFILENAME$=
=$MOBILEPHONE_PATHATTCHFILE$$IMAGEFILENAME$=
=$MOBILEPHONE_PATHATTCHFILE$$IMAGEFILENAME$=
=$MOBILEPHONE_PATHATTCHFILE$$IMAGEFILENAME$=
=$MOBILEPHONE_PATHATTCHFILE$$IMAGEFILENAME$=
=$MOBILEPHONE_PATHATTCHFILE$$IMAGEFILENAME$=
=$MOBILEPHONE_PATHATTCHFILE$$IMAGEFILENAME$=
=$MOBILEPHONE_PATHATTCHFILE$$IMAGEFILENAME$=
=$MOBILEPHONE_PATHATTCHFILE$$IMAGEFILENAME$=
=$MOBILEPHONE_PATHATTCHFILE$$IMAGEFILENAME$=
=$MOBILEPHONE_PATHATTCHFILE$$IMAGEFILENAME$=
=$MOBILEPHONE_PATHATTCHFILE$$IMAGEFILENAME$=
=$MOBILEPHONE_PATHATTCHFILE$$IMAGEFILENAME$=
=$MOBILEPHONE_PATHATTCHFILE$$IMAGEFILENAME$=
=$MOBILEPHONE_PATHATTCHFILE$$IMAGEFILENAME$=
=$MOBILEPHONE_PATHATTCHFILE$$IMAGEFILENAME$=
=$MOBILEPHONE_PATHATTCHFILE$$IMAGEFILENAME$=
=$MOBILEPHONE_PATHATTCHFILE$$IMAGEFILENAME$=
=$MOBILEPHONE_PATHATTCHFILE$$IMAGEFILENAME$=
=$MOBILEPHONE_PATHATTCHFILE$$IMAGEFILENAME$=
lpathd=
dlpa=
dlpath=
dlca=
dlcaptio=
dlcaption=
=$MOBILEPHONE_ADDMSGATTACHEXIST$$IMAGEFILENAME$=
=$MOBILEPHONE_ADDMSGATTACHEXIST$$IMAGEFILENAME$=
=$MOBILEPHONE_ADDMSGATTACHEXIST$$IMAGEFILENAME$=
=$MOBILEPHONE_ADDMSGATTACHEXIST$$IMAGEFILENAME$=
=$MOBILEPHONE_ADDMSGATTACHEXIST$$IMAGEFILENAME$=
=$MOBILEPHONE_ADDMSGATTACHEXIST$$IMAGEFILENAME$=
=$MOBILEPHONE_ADDMSGATTACHEXIST$$IMAGEFILENAME$=
=$MOBILEPHONE_ADDMSGATTACHEXIST$$IMAGEFILENAME$=
=$MOBILEPHONE_ADDMSGATTACHEXIST$$IMAGEFILENAME$=
=$MOBILEPHONE_ADDMSGATTACHEXIST$$IMAGEFILENAME$=
=$MOBILEPHONE_ADDMSGATTACHEXIST$$IMAGEFILENAME$=
=$MOBILEPHONE_ADDMSGATTACHEXIST$$IMAGEFILENAME$=
=$MOBILEPHONE_ADDMSGATTACHEXIST$$IMAGEFILENAME$=
=$MOBILEPHONE_ADDMSGATTACHEXIST$$IMAGEFILENAME$=
=$MOBILEPHONE_ADDMSGATTACHEXIST$$IMAGEFILENAME$=
=$MOBILEPHONE_ADDMSGATTACHEXIST$$IMAGEFILENAME$=
=$MOBILEPHONE_ADDMSGATTACHEXIST$$IMAGEFILENAME$=
=$MOBILEPHONE_ADDMSGATTACHEXIST$$IMAGEFILENAME$=
=$MOBILEPHONE_ADDMSGATTACHEXIST$$IMAGEFILENAME$=
=$MOBILEPHONE_ADDMSGATTACHEXIST$$IMAGEFILENAME$=
=$MOBILEPHONE_ADDMSGATTACHEXIST$$IMAGEFILENAME$=
=$MOBILEPHONE_ADDMSGATTACHEXIST$$IMAGEFILENAME$=
=$MOBILEPHONE_ADDMSGATTACHEXIST$$IMAGEFILENAME$=
=$MOBILEPHONE_ADDMSGATTACHEXIST$$IMAGEFILENAME$=
=$MOBILEPHONE_ADDMSGATTACHEXIST$$IMAGEFILENAME$=
=$MOBILEPHONE_ADDMSGATTACHEXIST$$IMAGEFILENAME$=
=$MOBILEPHONE_ADDMSGATTACHEXIST$$IMAGEFILENAME$=
=$MOBILEPHONE_ADDMSGATTACHEXIST$$IMAGEFILENAME$=
=$MOBILEPHONE_ADDMSGATTACHEXIST$$IMAGEFILENAME$=
=$MOBILEPHONE_ADDMSGATTACHEXIST$$IMAGEFILENAME$=
=$MOBILEPHONE_ADDMSGATTACHEXIST$$IMAGEFILENAME$=
=$MOBILEPHONE_ADDMSGATTACHEXIST$$IMAGEFILENAME$=
=$MOBILEPHONE_ADDMSGATTACHEXIST$$IMAGEFILENAME$=
=$MOBILEPHONE_ADDMSGATTACHEXIST$$IMAGEFILENAME$=
=$MOBILEPHONE_ADDMSGATTACHEXIST$$IMAGEFILENAME$=
=$MOBILEPHONE_ADDMSGATTACHEXIST$$IMAGEFILENAME$=
=$MOBILEPHONE_ADDMSGATTACHEXIST$$IMAGEFILENAME$=
=$MOBILEPHONE_ADDMSGATTACHEXIST$$IMAGEFILENAME$=
=$MOBILEPHONE_ADDMSGATTACHEXIST$$IMAGEFILENAME$=
=$MOBILEPHONE_ADDMSGATTACHEXIST$$IMAGEFILENAME$=
=$MOBILEPHONE_ADDMSGATTACHEXIST$$IMAGEFILENAME$=
=$MOBILEPHONE_ADDMSGATTACHEXIST$$IMAGEFILENAME$=
=$MOBILEPHONE_ADDMSGATTACHEXIST$$IMAGEFILENAME$=
=$MOBILEPHONE_ADDMSGATTACHEXIST$$IMAGEFILENAME$=
=$MOBILEPHONE_ADDMSGATTACHEXIST$$IMAGEFILENAME$=
=$MOBILEPHONE_ADDMSGATTACHEXIST$$IMAGEFILENAME$=
=$MOBILEPHONE_ADDMSGATTACHEXIST$$IMAGEFILENAME$=
=$MOBILEPHONE_ADDMSGATTACHEXIST$$IMAGEFILENAME$=
=$MOBILEPHONE_ADDMSGATTACHEXIST$$IMAGEFILENAME$=
=$MOBILEPHONE_ADDMSGATTACHEXIST$$IMAGEFILENAME$=
=$MOBILEPHONE_ADDMSGATTACHEXIST$$IMAGEFILENAME$=
=$MOBILEPHONE_ADDMSGATTACHEXIST$$IMAGEFILENAME$=
=$MOBILEPHONE_ADDMSGATTACHEXIST$$IMAGEFILENAME$=
=$MOBILEPHONE_ADDMSGATTACHEXIST$$IMAGEFILENAME$=
=$MOBILEPHONE_ADDMSGATTACHEXIST$$IMAGEFILENAME$=
=$MOBILEPHONE_ADDMSGATTACHEXIST$$IMAGEFILENAME$=
=$MOBILEPHONE_ADDMSGATTACHEXIST$$IMAGEFILENAME$=
=$MOBILEPHONE_ADDMSGATTACHEXIST$$IMAGEFILENAME$=
$MOBILEPHONE_ADDMSGATTACHEXIST$$IMAGEFILENAME$=
=$MOBILEPHONE_ADDMSGATTACHEXIST$$IMAGEFILENAME$=
=$MOBILEPHONE_ADDMSGATTACHEXIST$$IMAGEFILENAME$=
=$MOBILEPHONE_ADDMSGATTACHEXIST$$IMAGEFILENAME$=
=$MOBILEPHONE_ADDMSGATTACHEXIST$$IMAGEFILENAME$=
=$MOBILEPHONE_ADDMSGATTACHEXIST$$IMAGEFILENAME$=
=$MOBILEPHONE_ADDMSGATTACHEXIST$$IMAGEFILENAME$=
=$MOBILEPHONE_ADDMSGATTACHEXIST$$IMAGEFILENAME$=
=$MOBILEPHONE_ADDMSGATTACHEXIST$$IMAGEFILENAME$=
=$MOBILEPHONE_ADDMSGATTACHEXIST$$IMAGEFILENAME$=
=$MOBILEPHONE_ADDMSGATTACHEXIST$$IMAGEFILENAME$=
=$MOBILEPHONE_ADDMSGATTACHEXIST$$IMAGEFILENAME$=
=$MOBILEPHONE_ADDMSGATTACHEXIST$$IMAGEFILENAME$=
=$MOBILEPHONE_ADDMSGATTACHEXIST$$IMAGEFILENAME$=
=$MOBILEPHONE_ADDMSGATTACHEXIST$$IMAGEFILENAME$=
=$MOBILEPHONE_ADDMSGATTACHEXIST$$IMAGEFILENAME$=
=$MOBILEPHONE_ADDMSGATTACHEXIST$$IMAGEFILENAME$=
=$MOBILEPHONE_ADDMSGATTACHEXIST$$IMAGEFILENAME$=
=$MOBILEPHONE_ADDMSGATTACHEXIST$$IMAGEFILENAME$=
=$MOBILEPHONE_ADDMSGATTACHEXIST$$IMAGEFILENAME$=
=$MOBILEPHONE_ADDMSGATTACHEXIST$$IMAGEFILENAME$=
=$MOBILEPHONE_ADDMSGATTACHEXIST$$IMAGEFILENAME$=
=$MOBILEPHONE_ADDMSGATTACHEXIST$$IMAGEFILENAME$=
=$MOBILEPHONE_ADDMSGATTACHEXIST$$IMAGEFILENAME$=
=$MOBILEPHONE_ADDMSGATTACHEXIST$$IMAGEFILENAME$=
=$MOBILEPHONE_ADDMSGATTACHEXIST$$IMAGEFILENAME$=
=$MOBILEPHONE_ADDMSGATTACHEXIST$$IMAGEFILENAME$=
=$MOBILEPHONE_ADDMSGATTACHEXIST$$IMAGEFILENAME$=
=$MOBILEPHONE_ADDMSGATTACHEXIST$$IMAGEFILENAME$=
=$MOBILEPHONE_ADDMSGATTACHEXIST$$IMAGEFILENAME$=
=$MOBILEPHONE_ADDMSGATTACHEXIST$$IMAGEFILENAME$=
=$MOBILEPHONE_ADDMSGATTACHEXIST$$IMAGEFILENAME$=
=$MOBILEPHONE_ADDMSGATTACHEXIST$$IMAGEFILENAME$=
=$MOBILEPHONE_ADDMSGATTACHEXIST$$IMAGEFILENAME$=
=$MOBILEPHONE_ADDMSGATTACHEXIST$$IMAGEFILENAME$=
=$MOBILEPHONE_ADDMSGATTACHEXIST$$IMAGEFILENAME$=
=$MOBILEPHONE_ADDMSGATTACHEXIST$$IMAGEFILENAME$=
=$MOBILEPHONE_ADDMSGATTACHEXIST$$IMAGEFILENAME$=
=$MOBILEPHONE_ADDMSGATTACHEXIST$$IMAGEFILENAME$=
=$MOBILEPHONE_ADDMSGATTACHEXIST$$IMAGEFILENAME$=
=$MOBILEPHONE_ADDMSGATTACHEXIST$$IMAGEFILENAME$=
=$MOBILEPHONE_ADDMSGATTACHEXIST$$IMAGEFILENAME$=
=$MOBILEPHONE_ADDMSGATTACHEXIST$$IMAGEFILENAME$=
=$MOBILEPHONE_ADDMSGATTACHEXIST$$IMAGEFILENAME$=
=$MOBILEPHONE_ADDMSGATTACHEXIST$$IMAGEFILENAME$=
=$MOBILEPHONE_ADDMSGATTACHEXIST$$IMAGEFILENAME$=
=$MOBILEPHONE_ADDMSGATTACHEXIST$$IMAGEFILENAME$=
=$MOBILEPHONE_ADDMSGATTACHEXIST$$IMAGEFILENAME$=
=$MOBILEPHONE_ADDMSGATTACHEXIST$$IMAGEFILENAME$=
=$MOBILEPHONE_ADDMSGATTACHEXIST$$IMAGEFILENAME$=
=$MOBILEPHONE_ADDMSGATTACHEXIST$$IMAGEFILENAME$=
=$MOBILEPHONE_ADDMSGATTACHEXIST$$IMAGEFILENAME$=
=$MOBILEPHONE_ADDMSGATTACHEXIST$$IMAGEFILENAME$=
=$MOBILEPHONE_ADDMSGATTACHEXIST$$IMAGEFILENAME$=
=$MOBILEPHONE_ADDMSGATTACHEXIST$$IMAGEFILENAME$=
=$MOBILEPHONE_ADDMSGATTACHEXIST$$IMAGEFILENAME$=
=$MOBILEPHONE_ADDMSGATTACHEXIST$$IMAGEFILENAME$=
=$MOBILEPHONE_ADDMSGATTACHEXIST$$IMAGEFILENAME$=
=$MOBILEPHONE_ADDMSGATTACHEXIST$$IMAGEFILENAME$=
=$MOBILEPHONE_ADDMSGATTACHEXIST$$IMAGEFILENAME$=
=$MOBILEPHONE_ADDMSGATTACHEXIST$$IMAGEFILENAME$=
=$MOBILEPHONE_ADDMSGATTACHEXIST$$IMAGEFILENAME$=
=$MOBILEPHONE_ADDMSGATTACHEXIST$$IMAGEFILENAME$=
=$MOBILEPHONE_ADDMSGATTACHEXIST$$IMAGEFILENAME$=
=$MOBILEPHONE_ADDMSGATTACHEXIST$$IMAGEFILENAME$=
=$MOBILEPHONE_ADDMSGATTACHEXIST$$IMAGEFILENAME$=
=$MOBILEPHONE_ADDMSGATTACHEXIST$$IMAGEFILENAME$=
=$MOBILEPHONE_ADDMSGATTACHEXIST$$IMAGEFILENAME$=
=$MOBILEPHONE_ADDMSGATTACHEXIST$$IMAGEFILENAME$=
=$MOBILEPHONE_ADDMSGATTACHEXIST$$IMAGEFILENAME$=
=$MOBILEPHONE_ADDMSGATTACHEXIST$$IMAGEFILENAME$=
=$MOBILEPHONE_ADDMSGATTACHEXIST$$IMAGEFILENAME$=
=$MOBILEPHONE_ADDMSGATTACHEXIST$$IMAGEFILENAME$=
=$MOBILEPHONE_ADDMSGATTACHEXIST$$IMAGEFILENAME$=
=$MOBILEPHONE_ADDMSGATTACHEXIST$$IMAGEFILENAME$=
=$MOBILEPHONE_ADDMSGATTACHEXIST$$IMAGEFILENAME$=
=$MOBILEPHONE_ADDMSGATTACHEXIST$$IMAGEFILENAME$=
=$MOBILEPHONE_ADDMSGATTACHEXIST$$IMAGEFILENAME$=
=$MOBILEPHONE_ADDMSGATTACHEXIST$$IMAGEFILENAME$=
=$MOBILEPHONE_ADDMSGATTACHEXIST$$IMAGEFILENAME$=
=$MOBILEPHONE_PATHATTCHFILE$$IMAGEFILENAME$=
=$MOBILEPHONE_PATHATTCHFILE$$IMAGEFILENAME$=
=$MOBILEPHONE_PATHATTCHFILE$$IMAGEFILENAME$=
=$MOBILEPHONE_PATHATTCHFILE$$IMAGEFILENAME$=
=$MOBILEPHONE_PATHATTCHFILE$$IMAGEFILENAME$=
=$MOBILEPHONE_PATHATTCHFILE$$IMAGEFILENAME$=
=$MOBILEPHONE_PATHATTCHFILE$$IMAGEFILENAME$=
=$MOBILEPHONE_PATHATTCHFILE$$IMAGEFILENAME$=
=$MOBILEPHONE_PATHATTCHFILE$$IMAGEFILENAME$=
=$MOBILEPHONE_PATHATTCHFILE$$IMAGEFILENAME$=
=$MOBILEPHONE_PATHATTCHFILE$$IMAGEFILENAME$=
=$MOBILEPHONE_PATHATTCHFILE$$IMAGEFILENAME$=
=$MOBILEPHONE_PATHATTCHFILE$$IMAGEFILENAME$=
=$MOBILEPHONE_PATHATTCHFILE$$IMAGEFILENAME$=
=$MOBILEPHONE_PATHATTCHFILE$$IMAGEFILENAME$=
=$MOBILEPHONE_PATHATTCHFILE$$IMAGEFILENAME$=
=$MOBILEPHONE_PATHATTCHFILE$$IMAGEFILENAME$=
=$MOBILEPHONE_PATHATTCHFILE$$IMAGEFILENAME$=
=$MOBILEPHONE_PATHATTCHFILE$$IMAGEFILENAME$=
=$MOBILEPHONE_PATHATTCHFILE$$IMAGEFILENAME$=
=$MOBILEPHONE_PATHATTCHFILE$$IMAGEFILENAME$=
=$MOBILEPHONE_PATHATTCHFILE$$IMAGEFILENAME$=
=$MOBILEPHONE_PATHATTCHFILE$$IMAGEFILENAME$=
=$MOBILEPHONE_PATHATTCHFILE$$IMAGEFILENAME$=
=$MOBILEPHONE_PATHATTCHFILE$$IMAGEFILENAME$=
=$MOBILEPHONE_PATHATTCHFILE$$IMAGEFILENAME$=
=$MOBILEPHONE_PATHATTCHFILE$$IMAGEFILENAME$=
=$MOBILEPHONE_PATHATTCHFILE$$IMAGEFILENAME$=
=$MOBILEPHONE_PATHATTCHFILE$$IMAGEFILENAME$=
=$MOBILEPHONE_PATHATTCHFILE$$IMAGEFILENAME$=
=$MOBILEPHONE_PATHATTCHFILE$$IMAGEFILENAME$=
=$MOBILEPHONE_PATHATTCHFILE$$IMAGEFILENAME$=
=$MOBILEPHONE_PATHATTCHFILE$$IMAGEFILENAME$=
=$MOBILEPHONE_PATHATTCHFILE$$IMAGEFILENAME$=
=$MOBILEPHONE_PATHATTCHFILE$$IMAGEFILENAME$=
=$MOBILEPHONE_PATHATTCHFILE$$IMAGEFILENAME$=
=$MOBILEPHONE_PATHATTCHFILE$$IMAGEFILENAME$=
=$MOBILEPHONE_PATHATTCHFILE$$IMAGEFILENAME$=
=$MOBILEPHONE_PATHATTCHFILE$$IMAGEFILENAME$=
=$MOBILEPHONE_PATHATTCHFILE$$IMAGEFILENAME$=
=$MOBILEPHONE_PATHATTCHFILE$$IMAGEFILENAME$=
=$MOBILEPHONE_PATHATTCHFILE$$IMAGEFILENAME$=
=$MOBILEPHONE_PATHATTCHFILE$$IMAGEFILENAME$=
=$MOBILEPHONE_PATHATTCHFILE$$IMAGEFILENAME$=
=$MOBILEPHONE_PATHATTCHFILE$$IMAGEFILENAME$=
=$MOBILEPHONE_PATHATTCHFILE$$IMAGEFILENAME$=
=$MOBILEPHONE_PATHATTCHFILE$$IMAGEFILENAME$=
=$MOBILEPHONE_PATHATTCHFILE$$IMAGEFILENAME$=
=$MOBILEPHONE_PATHATTCHFILE$$IMAGEFILENAME$=
=$MOBILEPHONE_PATHATTCHFILE$$IMAGEFILENAME$=
=$MOBILEPHONE_PATHATTCHFILE$$IMAGEFILENAME$=
=$MOBILEPHONE_PATHATTCHFILE$$IMAGEFILENAME$=
=$MOBILEPHONE_PATHATTCHFILE$$IMAGEFILENAME$=
=$MOBILEPHONE_PATHATTCHFILE$$IMAGEFILENAME$=
=$MOBILEPHONE_PATHATTCHFILE$$IMAGEFILENAME$=
=$MOBILEPHONE_PATHATTCHFILE$$IMAGEFILENAME$=
=$MOBILEPHONE_PATHATTCHFILE$$IMAGEFILENAME$=
=$MOBILEPHONE_PATHATTCHFILE$$IMAGEFILENAME$=
=$MOBILEPHONE_PATHATTCHFILE$$IMAGEFILENAME$=
=$MOBILEPHONE_PATHATTCHFILE$$IMAGEFILENAME$=
=$MOBILEPHONE_PATHATTCHFILE$$IMAGEFILENAME$=
=$MOBILEPHONE_PATHATTCHFILE$$IMAGEFILENAME$=
=$MOBILEPHONE_PATHATTCHFILE$$IMAGEFILENAME$=
=$MOBILEPHONE_PATHATTCHFILE$$IMAGEFILENAME$=
=$MOBILEPHONE_PATHATTCHFILE$$IMAGEFILENAME$=
=$MOBILEPHONE_PATHATTCHFILE$$IMAGEFILENAME$=
=$MOBILEPHONE_PATHATTCHFILE$$IMAGEFILENAME$=
=$MOBILEPHONE_PATHATTCHFILE$$IMAGEFILENAME$=
=$MOBILEPHONE_PATHATTCHFILE$$IMAGEFILENAME$=
=$MOBILEPHONE_PATHATTCHFILE$$IMAGEFILENAME$=
=$MOBILEPHONE_PATHATTCHFILE$$IMAGEFILENAME$=
=$MOBILEPHONE_PATHATTCHFILE$$IMAGEFILENAME$=
=$MOBILEPHONE_PATHATTCHFILE$$IMAGEFILENAME$=
=$MOBILEPHONE_PATHATTCHFILE$$IMAGEFILENAME$=
=$MOBILEPHONE_PATHATTCHFILE$$IMAGEFILENAME$=
=$MOBILEPHONE_PATHATTCHFILE$$IMAGEFILENAME$=
=$MOBILEPHONE_PATHATTCHFILE$$IMAGEFILENAME$=
=$MOBILEPHONE_PATHATTCHFILE$$IMAGEFILENAME$=
=$MOBILEPHONE_PATHATTCHFILE$$IMAGEFILENAME$=
=$MOBILEPHONE_PATHATTCHFILE$$IMAGEFILENAME$=
=$MOBILEPHONE_PATHATTCHFILE$$IMAGEFILENAME$=
=$MOBILEPHONE_PATHATTCHFILE$$IMAGEFILENAME$=
=$MOBILEPHONE_PATHATTCHFILE$$IMAGEFILENAME$=
=$MOBILEPHONE_PATHATTCHFILE$$IMAGEFILENAME$=
=$MOBILEPHONE_PATHATTCHFILE$$IMAGEFILENAME$=
=$MOBILEPHONE_PATHATTCHFILE$$IMAGEFILENAME$=
=$MOBILEPHONE_PATHATTCHFILE$$IMAGEFILENAME$=
=$MOBILEPHONE_PATHATTCHFILE$$IMAGEFILENAME$=
=$MOBILEPHONE_PATHATTCHFILE$$IMAGEFILENAME$=
=$MOBILEPHONE_PATHATTCHFILE$$IMAGEFILENAME$=
=$MOBILEPHONE_PATHATTCHFILE$$IMAGEFILENAME$=
=$MOBILEPHONE_PATHATTCHFILE$$IMAGEFILENAME$=
=$MOBILEPHONE_PATHATTCHFILE$$IMAGEFILENAME$=
=$MOBILEPHONE_PATHATTCHFILE$$IMAGEFILENAME$=
=$MOBILEPHONE_PATHATTCHFILE$$IMAGEFILENAME$=
=$MOBILEPHONE_PATHATTCHFILE$$IMAGEFILENAME$=
=$MOBILEPHONE_PATHATTCHFILE$$IMAGEFILENAME$=
=$MOBILEPHONE_PATHATTCHFILE$$IMAGEFILENAME$=
=$MOBILEPHONE_PATHATTCHFILE$$IMAGEFILENAME$=
=$MOBILEPHONE_PATHATTCHFILE$$IMAGEFILENAME$=
=$MOBILEPHONE_PATHATTCHFILE$$IMAGEFILENAME$=
=$MOBILEPHONE_PATHATTCHFILE$$IMAGEFILENAME$=
=$MOBILEPHONE_PATHATTCHFILE$$IMAGEFILENAME$=
=$MOBILEPHONE_PATHATTCHFILE$$IMAGEFILENAME$=
=$MOBILEPHONE_PATHATTCHFILE$$IMAGEFILENAME$=
=$MOBILEPHONE_PATHATTCHFILE$$IMAGEFILENAME$=
=$MOBILEPHONE_PATHATTCHFILE$$IMAGEFILENAME$=
=$MOBILEPHONE_PATHATTCHFILE$$IMAGEFILENAME$=
=$MOBILEPHONE_PATHATTCHFILE$$IMAGEFILENAME$=
=$MOBILEPHONE_PATHATTCHFILE$$IMAGEFILENAME$=
=$MOBILEPHONE_PATHATTCHFILE$$IMAGEFILENAME$=
=$MOBILEPHONE_PATHATTCHFILE$$IMAGEFILENAME$=
=$MOBILEPHONE_PATHATTCHFILE$$IMAGEFILENAME$=
=$MOBILEPHONE_PATHATTCHFILE$$IMAGEFILENAME$=
=$MOBILEPHONE_PATHATTCHFILE$$IMAGEFILENAME$=
=$MOBILEPHONE_PATHATTCHFILE$$IMAGEFILENAME$=
=$MOBILEPHONE_PATHATTCHFILE$$IMAGEFILENAME$=
=$MOBILEPHONE_PATHATTCHFILE$$IMAGEFILENAME$=
=$MOBILEPHONE_PATHATTCHFILE$$IMAGEFILENAME$=
=$MOBILEPHONE_PATHATTCHFILE$$IMAGEFILENAME$=
=$MOBILEPHONE_PATHATTCHFILE$$IMAGEFILENAME$=
=$MOBILEPHONE_PATHATTCHFILE$$IMAGEFILENAME$=
=$MOBILEPHONE_PATHATTCHFILE$$IMAGEFILENAME$=
=$MOBILEPHONE_PATHATTCHFILE$$IMAGEFILENAME$=
=$MOBILEPHONE_PATHATTCHFILE$$IMAGEFILENAME$=
=$MOBILEPHONE_PATHATTCHFILE$$IMAGEFILENAME$=
=$MOBILEPHONE_PATHATTCHFILE$$IMAGEFILENAME$=
=$MOBILEPHONE_PATHATTCHFILE$$IMAGEFILENAME$=
=$MOBILEPHONE_PATHATTCHFILE$$IMAGEFILENAME$=
=$MOBILEPHONE_PATHATTCHFILE$$IMAGEFILENAME$=
=$MOBILEPHONE_PATHATTCHFILE$$IMAGEFILENAME$=
=$MOBILEPHONE_PATHATTCHFILE$$IMAGEFILENAME$=
=$MOBILEPHONE_PATHATTCHFILE$$IMAGEFILENAME$=
=$MOBILEPHONE_PATHATTCHFILE$$IMAGEFILENAME$=
=$MOBILEPHONE_PATHATTCHFILE$$IMAGEFILENAME$=
=$MOBILEPHONE_PATHATTCHFILE$$IMAGEFILENAME$=
=$MOBILEPHONE_PATHATTCHFILE$$IMAGEFILENAME$=
=$MOBILEPHONE_PATHATTCHFILE$$IMAGEFILENAME$=
=$MOBILEPHONE_PATHATTCHFILE$$IMAGEFILENAME$=
=$MOBILEPHONE_PATHATTCHFILE$$IMAGEFILENAME$=
=$MOBILEPHONE_PATHATTCHFILE$$IMAGEFILENAME$=
=$MOBILEPHONE_PATHATTCHFILE$$IMAGEFILENAME$=
=$MOBILEPHONE_PATHATTCHFILE$$IMAGEFILENAME$=
=$MOBILEPHONE_PATHATTCHFILE$$IMAGEFILENAME$=
=$MOBILEPHONE_PATHATTCHFILE$$IMAGEFILENAME$=
=$MOBILEPHONE_PATHATTCHFILE$$IMAGEFILENAME$=
=$MOBILEPHONE_PATHATTCHFILE$$IMAGEFILENAME$=
=$MOBILEPHONE_PATHATTCHFILE$$IMAGEFILENAME$=
=$MOBILEPHONE_PATHATTCHFILE$$IMAGEFILENAME$=
=$MOBILEPHONE_PATHATTCHFILE$$IMAGEFILENAME$=
=$MOBILEPHONE_PATHATTCHFILE$$IMAGEFILENAME$=
=$MOBILEPHONE_PATHATTCHFILE$$IMAGEFILENAME$=
=$MOBILEPHONE_PATHATTCHFILE$$IMAGEFILENAME$=
=$MOBILEPHONE_PATHATTCHFILE$$IMAGEFILENAME$=
=$MOBILEPHONE_PATHATTCHFILE$$IMAGEFILENAME$=
=$MOBILEPHONE_PATHATTCHFILE$$IMAGEFILENAME$=
=$MOBILEPHONE_PATHATTCHFILE$$IMAGEFILENAME$=
=$MOBILEPHONE_PATHATTCHFILE$$IMAGEFILENAME$=
=$MOBILEPHONE_PATHATTCHFILE$$IMAGEFILENAME$=
=$MOBILEPHONE_PATHATTCHFILE$$IMAGEFILENAME$=
=$MOBILEPHONE_PATHATTCHFILE$$IMAGEFILENAME$=
=$MOBILEPHONE_PATHATTCHFILE$$IMAGEFILENAME$=
=$MOBILEPHONE_PATHATTCHFILE$$IMAGEFILENAME$=
=$MOBILEPHONE_PATHATTCHFILE$$IMAGEFILENAME$=
=$MOBILEPHONE_PATHATTCHFILE$$IMAGEFILENAME$=
=$MOBILEPHONE_PATHATTCHFILE$$IMAGEFILENAME$=
=$MOBILEPHONE_PATHATTCHFILE$$IMAGEFILENAME$=
=$MOBILEPHONE_PATHATTCHFILE$$IMAGEFILENAME$=
=$MOBILEPHONE_PATHATTCHFILE$$IMAGEFILENAME$=
=$MOBILEPHONE_PATHATTCHFILE$$IMAGEFILENAME$=
=$MOBILEPHONE_PATHATTCHFILE$$IMAGEFILENAME$=
=$MOBILEPHONE_PATHATTCHFILE$$IMAGEFILENAME$=
=$MOBILEPHONE_PATHATTCHFILE$$IMAGEFILENAME$=
=$MOBILEPHONE_PATHATTCHFILE$$IMAGEFILENAME$=
=$MOBILEPHONE_PATHATTCHFILE$$IMAGEFILENAME$=
=$MOBILEPHONE_PATHATTCHFILE$$IMAGEFILENAME$=
=$MOBILEPHONE_PATHATTCHFILE$$IMAGEFILENAME$=
=$MOBILEPHONE_PATHATTCHFILE$$IMAGEFILENAME$=
=$MOBILEPHONE_PATHATTCHFILE$$IMAGEFILENAME$=
=$MOBILEPHONE_PATHATTCHFILE$$IMAGEFILENAME$=
=$MOBILEPHONE_PATHATTCHFILE$$IMAGEFILENAME$=
=$MOBILEPHONE_PATHATTCHFILE$$IMAGEFILENAME$=
=$MOBILEPHONE_PATHATTCHFILE$$IMAGEFILENAME$=
=$MOBILEPHONE_PATHATTCHFILE$$IMAGEFILENAME$=
=$MOBILEPHONE_PATHATTCHFILE$$IMAGEFILENAME$=
=$MOBILEPHONE_PATHATTCHFILE$$IMAGEFILENAME$=
=$MOBILEPHONE_PATHATTCHFILE$$IMAGEFILENAME$=
=$MOBILEPHONE_PATHATTCHFILE$$IMAGEFILENAME$=
=$MOBILEPHONE_PATHATTCHFILE$$IMAGEFILENAME$=
=$MOBILEPHONE_PATHATTCHFILE$$IMAGEFILENAME$=
=$MOBILEPHONE_PATHATTCHFILE$$IMAGEFILENAME$=
=$MOBILEPHONE_PATHATTCHFILE$$IMAGEFILENAME$=
=$MOBILEPHONE_PATHATTCHFILE$$IMAGEFILENAME$=
=$MOBILEPHONE_PATHATTCHFILE$$IMAGEFILENAME$=
=$MOBILEPHONE_PATHATTCHFILE$$IMAGEFILENAME$=
=$MOBILEPHONE_PATHATTCHFILE$$IMAGEFILENAME$=
=$MOBILEPHONE_PATHATTCHFILE$$IMAGEFILENAME$=
=$MOBILEPHONE_PATHATTCHFILE$$IMAGEFILENAME$=
=$MOBILEPHONE_PATHATTCHFILE$$IMAGEFILENAME$=
=$MOBILEPHONE_PATHATTCHFILE$$IMAGEFILENAME$=
=$MOBILEPHONE_PATHATTCHFILE$$IMAGEFILENAME$=
=$MOBILEPHONE_PATHATTCHFILE$$IMAGEFILENAME$=
=$MOBILEPHONE_PATHATTCHFILE$$IMAGEFILENAME$=
=$MOBILEPHONE_PATHATTCHFILE$$IMAGEFILENAME$=
=$MOBILEPHONE_PATHATTCHFILE$$IMAGEFILENAME$=
=$MOBILEPHONE_PATHATTCHFILE$$IMAGEFILENAME$=
=$MOBILEPHONE_PATHATTCHFILE$$IMAGEFILENAME$=
=$MOBILEPHONE_PATHATTCHFILE$$IMAGEFILENAME$=
=$MOBILEPHONE_PATHATTCHFILE$$IMAGEFILENAME$=
=$MOBILEPHONE_PATHATTCHFILE$$IMAGEFILENAME$=
=$MOBILEPHONE_PATHATTCHFILE$$IMAGEFILENAME$=
=$MOBILEPHONE_PATHATTCHFILE$$IMAGEFILENAME$=
=$MOBILEPHONE_PATHATTCHFILE$$IMAGEFILENAME$=
=$MOBILEPHONE_PATHATTCHFILE$$IMAGEFILENAME$=
=$MOBILEPHONE_PATHATTCHFILE$$IMAGEFILENAME$=
=$MOBILEPHONE_PATHATTCHFILE$$IMAGEFILENAME$=
=$MOBILEPHONE_PATHATTCHFILE$$IMAGEFILENAME$=
=$MOBILEPHONE_PATHATTCHFILE$$IMAGEFILENAME$=
=$MOBILEPHONE_PATHATTCHFILE$$IMAGEFILENAME$=
=$MOBILEPHONE_PATHATTCHFILE$$IMAGEFILENAME$=
=$MOBILEPHONE_PATHATTCHFILE$$IMAGEFILENAME$=
=$MOBILEPHONE_PATHATTCHFILE$$IMAGEFILENAME$=
=$MOBILEPHONE_PATHATTCHFILE$$IMAGEFILENAME$=
=$MOBILEPHONE_PATHATTCHFILE$$IMAGEFILENAME$=
=$MOBILEPHONE_PATHATTCHFILE$$IMAGEFILENAME$=
=$MOBILEPHONE_PATHATTCHFILE$$IMAGEFILENAME$=
=$MOBILEPHONE_PATHATTCHFILE$$IMAGEFILENAME$=
=$MOBILEPHONE_PATHATTCHFILE$$IMAGEFILENAME$=
=$MOBILEPHONE_PATHATTCHFILE$$IMAGEFILENAME$=
=$MOBILEPHONE_PATHATTCHFILE$$IMAGEFILENAME$=
=$MOBILEPHONE_PATHATTCHFILE$$IMAGEFILENAME$=
=$MOBILEPHONE_PATHATTCHFILE$$IMAGEFILENAME$=
=$MOBILEPHONE_PATHATTCHFILE$$IMAGEFILENAME$=
=$MOBILEPHONE_PATHATTCHFILE$$IMAGEFILENAME$=
=$MOBILEPHONE_PATHATTCHFILE$$IMAGEFILENAME$=
=$MOBILEPHONE_PATHATTCHFILE$$IMAGEFILENAME$=
=$MOBILEPHONE_PATHATTCHFILE$$IMAGEFILENAME$=
=$MOBILEPHONE_PATHATTCHFILE$$IMAGEFILENAME$=
=$MOBILEPHONE_PATHATTCHFILE$$IMAGEFILENAME$=
=$MOBILEPHONE_PATHATTCHFILE$$IMAGEFILENAME$=
=$MOBILEPHONE_PATHATTCHFILE$$IMAGEFILENAME$=
=$MOBILEPHONE_PATHATTCHFILE$$IMAGEFILENAME$=
=$MOBILEPHONE_PATHATTCHFILE$$IMAGEFILENAME$=
=$MOBILEPHONE_PATHATTCHFILE$$IMAGEFILENAME$=
=$MOBILEPHONE_PATHATTCHFILE$$IMAGEFILENAME$=
=$MOBILEPHONE_PATHATTCHFILE$$IMAGEFILENAME$=
=$MOBILEPHONE_PATHATTCHFILE$$IMAGEFILENAME$=
=$MOBILEPHONE_PATHATTCHFILE$$IMAGEFILENAME$=
=$MOBILEPHONE_PATHATTCHFILE$$IMAGEFILENAME$=
=$MOBILEPHONE_PATHATTCHFILE$$IMAGEFILENAME$=
=$MOBILEPHONE_PATHATTCHFILE$$IMAGEFILENAME$=
=$MOBILEPHONE_PATHATTCHFILE$$IMAGEFILENAME$=
=$MOBILEPHONE_PATHATTCHFILE$$IMAGEFILENAME$=
=$MOBILEPHONE_PATHATTCHFILE$$IMAGEFILENAME$=
=$MOBILEPHONE_PATHATTCHFILE$$IMAGEFILENAME$=
=$MOBILEPHONE_PATHATTCHFILE$$IMAGEFILENAME$=
=$MOBILEPHONE_PATHATTCHFILE$$IMAGEFILENAME$=
=$MOBILEPHONE_PATHATTCHFILE$$IMAGEFILENAME$=
=$MOBILEPHONE_PATHATTCHFILE$$IMAGEFILENAME$=
=$MOBILEPHONE_PATHATTCHFILE$$IMAGEFILENAME$=
=$MOBILEPHONE_PATHATTCHFILE$$IMAGEFILENAME$=
=$MOBILEPHONE_PATHATTCHFILE$$IMAGEFILENAME$=
=$MOBILEPHONE_PATHATTCHFILE$$IMAGEFILENAME$=
=$MOBILEPHONE_PATHATTCHFILE$$IMAGEFILENAME$=
=$MOBILEPHONE_PATHATTCHFILE$$IMAGEFILENAME$=
=$MOBILEPHONE_PATHATTCHFILE$$IMAGEFILENAME$=
=$MOBILEPHONE_PATHATTCHFILE$$IMAGEFILENAME$=
=$MOBILEPHONE_PATHATTCHFILE$$IMAGEFILENAME$=
=$MOBILEPHONE_PATHATTCHFILE$$IMAGEFILENAME$=
=$MOBILEPHONE_PATHATTCHFILE$$IMAGEFILENAME$=
=$MOBILEPHONE_PATHATTCHFILE$$IMAGEFILENAME$=
=$MOBILEPHONE_PATHATTCHFILE$$IMAGEFILENAME$=
=$MOBILEPHONE_PATHATTCHFILE$$IMAGEFILENAME$=
=$MOBILEPHONE_PATHATTCHFILE$$IMAGEFILENAME$=
=$MOBILEPHONE_PATHATTCHFILE$$IMAGEFILENAME$=
=$MOBILEPHONE_PATHATTCHFILE$$IMAGEFILENAME$=
=$MOBILEPHONE_PATHATTCHFILE$$IMAGEFILENAME$=
=$MOBILEPHONE_PATHATTCHFILE$$IMAGEFILENAME$=
=$MOBILEPHONE_PATHATTCHFILE$$IMAGEFILENAME$=
=$MOBILEPHONE_PATHATTCHFILE$$IMAGEFILENAME$=
=$MOBILEPHONE_PATHATTCHFILE$$IMAGEFILENAME$=
=$MOBILEPHONE_PATHATTCHFILE$$IMAGEFILENAME$=
=$MOBILEPHONE_PATHATTCHFILE$$IMAGEFILENAME$=
=$MOBILEPHONE_PATHATTCHFILE$$IMAGEFILENAME$=
=$MOBILEPHONE_PATHATTCHFILE$$IMAGEFILENAME$=
=$MOBILEPHONE_PATHATTCHFILE$$IMAGEFILENAME$=
=$MOBILEPHONE_PATHATTCHFILE$$IMAGEFILENAME$=
=$MOBILEPHONE_PATHATTCHFILE$$IMAGEFILENAME$=
=$MOBILEPHONE_PATHATTCHFILE$$IMAGEFILENAME$=
=$MOBILEPHONE_PATHATTCHFILE$$IMAGEFILENAME$=
=$MOBILEPHONE_PATHATTCHFILE$$IMAGEFILENAME$=
=$MOBILEPHONE_PATHATTCHFILE$$IMAGEFILENAME$=
=$MOBILEPHONE_PATHATTCHFILE$$IMAGEFILENAME$=
=$MOBILEPHONE_PATHATTCHFILE$$IMAGEFILENAME$=
=$MOBILEPHONE_PATHATTCHFILE$$IMAGEFILENAME$=
=$MOBILEPHONE_PATHATTCHFILE$$IMAGEFILENAME$=
=$MOBILEPHONE_PATHATTCHFILE$$IMAGEFILENAME$=
=$MOBILEPHONE_PATHATTCHFILE$$IMAGEFILENAME$=
=$MOBILEPHONE_PATHATTCHFILE$$IMAGEFILENAME$=
=$MOBILEPHONE_PATHATTCHFILE$$IMAGEFILENAME$=
=$MOBILEPHONE_PATHATTCHFILE$$IMAGEFILENAME$=
=$MOBILEPHONE_PATHATTCHFILE$$IMAGEFILENAME$=
=$MOBILEPHONE_PATHATTCHFILE$$IMAGEFILENAME$=
=$MOBILEPHONE_PATHATTCHFILE$$IMAGEFILENAME$=
=$MOBILEPHONE_PATHATTCHFILE$$IMAGEFILENAME$=
=$MOBILEPHONE_PATHATTCHFILE$$IMAGEFILENAME$=
=$MOBILEPHONE_PATHATTCHFILE$$IMAGEFILENAME$=
=$MOBILEPHONE_PATHATTCHFILE$$IMAGEFILENAME$=
=$MOBILEPHONE_PATHATTCHFILE$$IMAGEFILENAME$=
=$MOBILEPHONE_PATHATTCHFILE$$IMAGEFILENAME$=
=$MOBILEPHONE_PATHATTCHFILE$$IMAGEFILENAME$=
=$MOBILEPHONE_PATHATTCHFILE$$IMAGEFILENAME$=
=$MOBILEPHONE_PATHATTCHFILE$$IMAGEFILENAME$=
=$MOBILEPHONE_PATHATTCHFILE$$IMAGEFILENAME$=
=$MOBILEPHONE_PATHATTCHFILE$$IMAGEFILENAME$=
=$MOBILEPHONE_PATHATTCHFILE$$IMAGEFILENAME$=
=$MOBILEPHONE_PATHATTCHFILE$$IMAGEFILENAME$=
=$MOBILEPHONE_PATHATTCHFILE$$IMAGEFILENAME$=
=$MOBILEPHONE_PATHATTCHFILE$$IMAGEFILENAME$=
=$MOBILEPHONE_PATHATTCHFILE$$IMAGEFILENAME$=
=$MOBILEPHONE_PATHATTCHFILE$$IMAGEFILENAME$=
=$MOBILEPHONE_PATHATTCHFILE$$IMAGEFILENAME$=
=$MOBILEPHONE_PATHATTCHFILE$$IMAGEFILENAME$=
=$MOBILEPHONE_PATHATTCHFILE$$IMAGEFILENAME$=
=$MOBILEPHONE_PATHATTCHFILE$$IMAGEFILENAME$=
=$MOBILEPHONE_PATHATTCHFILE$$IMAGEFILENAME$=
=$MOBILEPHONE_PATHATTCHFILE$$IMAGEFILENAME$=
=$MOBILEPHONE_PATHATTCHFILE$$IMAGEFILENAME$=
=$MOBILEPHONE_PATHATTCHFILE$$IMAGEFILENAME$=
=$MOBILEPHONE_PATHATTCHFILE$$IMAGEFILENAME$=
=$MOBILEPHONE_PATHATTCHFILE$$IMAGEFILENAME$=
=$MOBILEPHONE_PATHATTCHFILE$$IMAGEFILENAME$=
=$MOBILEPHONE_PATHATTCHFILE$$IMAGEFILENAME$=
=$MOBILEPHONE_PATHATTCHFILE$$IMAGEFILENAME$=
=$MOBILEPHONE_PATHATTCHFILE$$IMAGEFILENAME$=
=$MOBILEPHONE_PATHATTCHFILE$$IMAGEFILENAME$=
=$MOBILEPHONE_PATHATTCHFILE$$IMAGEFILENAME$=
=$MOBILEPHONE_PATHATTCHFILE$$IMAGEFILENAME$=
=$MOBILEPHONE_PATHATTCHFILE$$IMAGEFILENAME$=
=$MOBILEPHONE_PATHATTCHFILE$$IMAGEFILENAME$=
=$MOBILEPHONE_PATHATTCHFILE$$IMAGEFILENAME$=
=$MOBILEPHONE_PATHATTCHFILE$$IMAGEFILENAME$=
=$MOBILEPHONE_PATHATTCHFILE$$IMAGEFILENAME$=
=$MOBILEPHONE_PATHATTCHFILE$$IMAGEFILENAME$=
=$MOBILEPHONE_PATHATTCHFILE$$IMAGEFILENAME$=
=$MOBILEPHONE_PATHATTCHFILE$$IMAGEFILENAME$=
=$MOBILEPHONE_PATHATTCHFILE$$IMAGEFILENAME$=
=$MOBILEPHONE_PATHATTCHFILE$$IMAGEFILENAME$=
=$MOBILEPHONE_PATHATTCHFILE$$IMAGEFILENAME$=
=$MOBILEPHONE_PATHATTCHFILE$$IMAGEFILENAME$=
=$MOBILEPHONE_PATHATTCHFILE$$IMAGEFILENAME$=
=$MOBILEPHONE_PATHATTCHFILE$$IMAGEFILENAME$=
=$MOBILEPHONE_PATHATTCHFILE$$IMAGEFILENAME$=
=$MOBILEPHONE_PATHATTCHFILE$$IMAGEFILENAME$=
=$MOBILEPHONE_PATHATTCHFILE$$IMAGEFILENAME$=
=$MOBILEPHONE_PATHATTCHFILE$$IMAGEFILENAME$=
=$MOBILEPHONE_PATHATTCHFILE$$IMAGEFILENAME$=
=$MOBILEPHONE_PATHATTCHFILE$$IMAGEFILENAME$=
=$MOBILEPHONE_PATHATTCHFILE$$IMAGEFILENAME$=
=$MOBILEPHONE_PATHATTCHFILE$$IMAGEFILENAME$=
=$MOBILEPHONE_PATHATTCHFILE$$IMAGEFILENAME$=
=$MOBILEPHONE_PATHATTCHFILE$$IMAGEFILENAME$=
=$MOBILEPHONE_PATHATTCHFILE$$IMAGEFILENAME$=
=$MOBILEPHONE_PATHATTCHFILE$$IMAGEFILENAME$=
=$MOBILEPHONE_PATHATTCHFILE$$IMAGEFILENAME$=
=$MOBILEPHONE_PATHATTCHFILE$$IMAGEFILENAME$=
=$MOBILEPHONE_PATHATTCHFILE$$IMAGEFILENAME$=
=$MOBILEPHONE_PATHATTCHFILE$$IMAGEFILENAME$=
=$MOBILEPHONE_PATHATTCHFILE$$IMAGEFILENAME$=
=$MOBILEPHONE_PATHATTCHFILE$$IMAGEFILENAME$=
=$MOBILEPHONE_PATHATTCHFILE$$IMAGEFILENAME$=
=$MOBILEPHONE_PATHATTCHFILE$$IMAGEFILENAME$=
=$MOBILEPHONE_PATHATTCHFILE$$IMAGEFILENAME$=
=$MOBILEPHONE_PATHATTCHFILE$$IMAGEFILENAME$=
=$MOBILEPHONE_PATHATTCHFILE$$IMAGEFILENAME$=
=$MOBILEPHONE_PATHATTCHFILE$$IMAGEFILENAME$=
=$MOBILEPHONE_PATHATTCHFILE$$IMAGEFILENAME$=
=$MOBILEPHONE_PATHATTCHFILE$$IMAGEFILENAME$=
=$MOBILEPHONE_PATHATTCHFILE$$IMAGEFILENAME$=
=$MOBILEPHONE_PATHATTCHFILE$$IMAGEFILENAME$=
=$MOBILEPHONE_PATHATTCHFILE$$IMAGEFILENAME$=
=$MOBILEPHONE_PATHATTCHFILE$$IMAGEFILENAME$=
=$MOBILEPHONE_PATHATTCHFILE$$IMAGEFILENAME$=
=$MOBILEPHONE_PATHATTCHFILE$$IMAGEFILENAME$=
=$MOBILEPHONE_PATHATTCHFILE$$IMAGEFILENAME$=
=$MOBILEPHONE_PATHATTCHFILE$$IMAGEFILENAME$=
=$MOBILEPHONE_PATHATTCHFILE$$IMAGEFILENAME$=
=$MOBILEPHONE_PATHATTCHFILE$$IMAGEFILENAME$=
=$MOBILEPHONE_PATHATTCHFILE$$IMAGEFILENAME$=
=$MOBILEPHONE_PATHATTCHFILE$$IMAGEFILENAME$=
=$MOBILEPHONE_PATHATTCHFILE$$IMAGEFILENAME$=
=$MOBILEPHONE_PATHATTCHFILE$$IMAGEFILENAME$=
=$MOBILEPHONE_PATHATTCHFILE$$IMAGEFILENAME$=
=$MOBILEPHONE_PATHATTCHFILE$$IMAGEFILENAME$=
=$MOBILEPHONE_PATHATTCHFILE$$IMAGEFILENAME$=
=$MOBILEPHONE_PATHATTCHFILE$$IMAGEFILENAME$=
=$MOBILEPHONE_PATHATTCHFILE$$IMAGEFILENAME$=
=$MOBILEPHONE_PATHATTCHFILE$$IMAGEFILENAME$=
=$MOBILEPHONE_PATHATTCHFILE$$IMAGEFILENAME$=
=$MOBILEPHONE_PATHATTCHFILE$$IMAGEFILENAME$=
=$MOBILEPHONE_PATHATTCHFILE$$IMAGEFILENAME$=
=$MOBILEPHONE_PATHATTCHFILE$$IMAGEFILENAME$=
=$MOBILEPHONE_PATHATTCHFILE$$IMAGEFILENAME$=
=$MOBILEPHONE_PATHATTCHFILE$$IMAGEFILENAME$=
=$MOBILEPHONE_PATHATTCHFILE$$IMAGEFILENAME$=
=$MOBILEPHONE_PATHATTCHFILE$$IMAGEFILENAME$=
=$MOBILEPHONE_PATHATTCHFILE$$IMAGEFILENAME$=
=$MOBILEPHONE_PATHATTCHFILE$$IMAGEFILENAME$=
=$MOBILEPHONE_PATHATTCHFILE$$IMAGEFILENAME$=
=$MOBILEPHONE_PATHATTCHFILE$$IMAGEFILENAME$=
=$MOBILEPHONE_PATHATTCHFILE$$IMAGEFILENAME$=
=$MOBILEPHONE_PATHATTCHFILE$$IMAGEFILENAME$=
=$MOBILEPHONE_PATHATTCHFILE$$IMAGEFILENAME$=
=$MOBILEPHONE_PATHATTCHFILE$$IMAGEFILENAME$=
=$MOBILEPHONE_PATHATTCHFILE$$IMAGEFILENAME$=
=$MOBILEPHONE_PATHATTCHFILE$$IMAGEFILENAME$=
=$MOBILEPHONE_PATHATTCHFILE$$IMAGEFILENAME$=
=$MOBILEPHONE_PATHATTCHFILE$$IMAGEFILENAME$=
=$MOBILEPHONE_PATHATTCHFILE$$IMAGEFILENAME$=
=$MOBILEPHONE_PATHATTCHFILE$$IMAGEFILENAME$=
=$MOBILEPHONE_PATHATTCHFILE$$IMAGEFILENAME$=
=$MOBILEPHONE_PATHATTCHFILE$$IMAGEFILENAME$=
=$MOBILEPHONE_PATHATTCHFILE$$IMAGEFILENAME$=
=$MOBILEPHONE_PATHATTCHFILE$$IMAGEFILENAME$=
=$MOBILEPHONE_PATHATTCHFILE$$IMAGEFILENAME$=
=$MOBILEPHONE_PATHATTCHFILE$$IMAGEFILENAME$=
=$MOBILEPHONE_PATHATTCHFILE$$IMAGEFILENAME$=
=$MOBILEPHONE_PATHATTCHFILE$$IMAGEFILENAME$=
=$MOBILEPHONE_PATHATTCHFILE$$IMAGEFILENAME$=
=$MOBILEPHONE_PATHATTCHFILE$$IMAGEFILENAME$=
=$MOBILEPHONE_PATHATTCHFILE$$IMAGEFILENAME$=
=$MOBILEPHONE_PATHATTCHFILE$$IMAGEFILENAME$=
=$MOBILEPHONE_PATHATTCHFILE$$IMAGEFILENAME$=
=$MOBILEPHONE_PATHATTCHFILE$$IMAGEFILENAME$=
=$MOBILEPHONE_PATHATTCHFILE$$IMAGEFILENAME$=
=$MOBILEPHONE_PATHATTCHFILE$$IMAGEFILENAME$=
=$MOBILEPHONE_PATHATTCHFILE$$IMAGEFILENAME$=
=$MOBILEPHONE_PATHATTCHFILE$$IMAGEFILENAME$=
=$MOBILEPHONE_PATHATTCHFILE$$IMAGEFILENAME$=
=$MOBILEPHONE_PATHATTCHFILE$$IMAGEFILENAME$=
=$MOBILEPHONE_PATHATTCHFILE$$IMAGEFILENAME$=
=$MOBILEPHONE_PATHATTCHFILE$$IMAGEFILENAME$=
=$MOBILEPHONE_PATHATTCHFILE$$IMAGEFILENAME$=
=$MOBILEPHONE_PATHATTCHFILE$$IMAGEFILENAME$=
=$MOBILEPHONE_PATHATTCHFILE$$IMAGEFILENAME$=
=$MOBILEPHONE_PATHATTCHFILE$$IMAGEFILENAME$=
=$MOBILEPHONE_PATHATTCHFILE$$IMAGEFILENAME$=
=$MOBILEPHONE_PATHATTCHFILE$$IMAGEFILENAME$=
=$MOBILEPHONE_PATHATTCHFILE$$IMAGEFILENAME$=
=$MOBILEPHONE_PATHATTCHFILE$$IMAGEFILENAME$=
=$MOBILEPHONE_PATHATTCHFILE$$IMAGEFILENAME$=
=$MOBILEPHONE_PATHATTCHFILE$$IMAGEFILENAME$=
=$MOBILEPHONE_PATHATTCHFILE$$IMAGEFILENAME$=
=$MOBILEPHONE_PATHATTCHFILE$$IMAGEFILENAME$=
=$MOBILEPHONE_PATHATTCHFILE$$IMAGEFILENAME$=
=$MOBILEPHONE_PATHATTCHFILE$$IMAGEFILENAME$=
=$MOBILEPHONE_PATHATTCHFILE$$IMAGEFILENAME$=
=$MOBILEPHONE_PATHATTCHFILE$$IMAGEFILENAME$=
=$MOBILEPHONE_PATHATTCHFILE$$IMAGEFILENAME$=
=$MOBILEPHONE_PATHATTCHFILE$$IMAGEFILENAME$=
=$MOBILEPHONE_PATHATTCHFILE$$IMAGEFILENAME$=
=$MOBILEPHONE_PATHATTCHFILE$$IMAGEFILENAME$=
=$MOBILEPHONE_PATHATTCHFILE$$IMAGEFILENAME$=
=$MOBILEPHONE_PATHATTCHFILE$$IMAGEFILENAME$=
=$MOBILEPHONE_PATHATTCHFILE$$IMAGEFILENAME$=
=$MOBILEPHONE_PATHATTCHFILE$$IMAGEFILENAME$=
=$MOBILEPHONE_PATHATTCHFILE$$IMAGEFILENAME$=
=$MOBILEPHONE_PATHATTCHFILE$$IMAGEFILENAME$=
=$MOBILEPHONE_PATHATTCHFILE$$IMAGEFILENAME$=
=$MOBILEPHONE_PATHATTCHFILE$$IMAGEFILENAME$=
=$MOBILEPHONE_PATHATTCHFILE$$IMAGEFILENAME$=
=$MOBILEPHONE_PATHATTCHFILE$$IMAGEFILENAME$=
=$MOBILEPHONE_PATHATTCHFILE$$IMAGEFILENAME$=
=$MOBILEPHONE_PATHATTCHFILE$$IMAGEFILENAME$=
=$MOBILEPHONE_PATHATTCHFILE$$IMAGEFILENAME$=
=$MOBILEPHONE_PATHATTCHFILE$$IMAGEFILENAME$=
=$MOBILEPHONE_PATHATTCHFILE$$IMAGEFILENAME$=
=$MOBILEPHONE_PATHATTCHFILE$$IMAGEFILENAME$=
=$MOBILEPHONE_PATHATTCHFILE$$IMAGEFILENAME$=
=$MOBILEPHONE_PATHATTCHFILE$$IMAGEFILENAME$=
=$MOBILEPHONE_PATHATTCHFILE$$IMAGEFILENAME$=
=$MOBILEPHONE_PATHATTCHFILE$$IMAGEFILENAME$=
=$MOBILEPHONE_PATHATTCHFILE$$IMAGEFILENAME$=
=$MOBILEPHONE_PATHATTCHFILE$$IMAGEFILENAME$=
=$MOBILEPHONE_PATHATTCHFILE$$IMAGEFILENAME$=
=$MOBILEPHONE_PATHATTCHFILE$$IMAGEFILENAME$=
=$MOBILEPHONE_PATHATTCHFILE$$IMAGEFILENAME$=
=$MOBILEPHONE_PATHATTCHFILE$$IMAGEFILENAME$=
=$MOBILEPHONE_PATHATTCHFILE$$IMAGEFILENAME$=
=$MOBILEPHONE_PATHATTCHFILE$$IMAGEFILENAME$=
=$MOBILEPHONE_PATHATTCHFILE$$IMAGEFILENAME$=
=$MOBILEPHONE_PATHATTCHFILE$$IMAGEFILENAME$=
=$MOBILEPHONE_PATHATTCHFILE$$IMAGEFILENAME$=
=$MOBILEPHONE_PATHATTCHFILE$$IMAGEFILENAME$=
=$MOBILEPHONE_PATHATTCHFILE$$IMAGEFILENAME$=
=$MOBILEPHONE_PATHATTCHFILE$$IMAGEFILENAME$=
=$MOBILEPHONE_PATHATTCHFILE$$IMAGEFILENAME$=
=$MOBILEPHONE_PATHATTCHFILE$$IMAGEFILENAME$=
=$MOBILEPHONE_PATHATTCHFILE$$IMAGEFILENAME$=
=$MOBILEPHONE_PATHATTCHFILE$$IMAGEFILENAME$=
=$MOBILEPHONE_PATHATTCHFILE$$IMAGEFILENAME$=
=$MOBILEPHONE_PATHATTCHFILE$$IMAGEFILENAME$=
=$MOBILEPHONE_PATHATTCHFILE$$IMAGEFILENAME$=
=$MOBILEPHONE_PATHATTCHFILE$$IMAGEFILENAME$=
=$MOBILEPHONE_PATHATTCHFILE$$IMAGEFILENAME$=
=$MOBILEPHONE_PATHATTCHFILE$$IMAGEFILENAME$=
=$MOBILEPHONE_PATHATTCHFILE$$IMAGEFILENAME$=
=$MOBILEPHONE_PATHATTCHFILE$$IMAGEFILENAME$=
=$MOBILEPHONE_PATHATTCHFILE$$IMAGEFILENAME$=
=$MOBILEPHONE_PATHATTCHFILE$$IMAGEFILENAME$=
=$MOBILEPHONE_PATHATTCHFILE$$IMAGEFILENAME$=
=$MOBILEPHONE_PATHATTCHFILE$$IMAGEFILENAME$=
=$MOBILEPHONE_PATHATTCHFILE$$IMAGEFILENAME$=
=$MOBILEPHONE_PATHATTCHFILE$$IMAGEFILENAME$=
=$MOBILEPHONE_PATHATTCHFILE$$IMAGEFILENAME$=
=$MOBILEPHONE_PATHATTCHFILE$$IMAGEFILENAME$=
=$MOBILEPHONE_PATHATTCHFILE$$IMAGEFILENAME$=
=$MOBILEPHONE_PATHATTCHFILE$$IMAGEFILENAME$=
=$MOBILEPHONE_PATHATTCHFILE$$IMAGEFILENAME$=
=$MOBILEPHONE_PATHATTCHFILE$$IMAGEFILENAME$=
=$MOBILEPHONE_PATHATTCHFILE$$IMAGEFILENAME$=
=$MOBILEPHONE_PATHATTCHFILE$$IMAGEFILENAME$=
=$MOBILEPHONE_PATHATTCHFILE$$IMAGEFILENAME$=
=$MOBILEPHONE_PATHATTCHFILE$$IMAGEFILENAME$=
=$MOBILEPHONE_PATHATTCHFILE$$IMAGEFILENAME$=
=$MOBILEPHONE_PATHATTCHFILE$$IMAGEFILENAME$=
=$MOBILEPHONE_PATHATTCHFILE$$IMAGEFILENAME$=
=$MOBILEPHONE_PATHATTCHFILE$$IMAGEFILENAME$=
=$MOBILEPHONE_PATHATTCHFILE$$IMAGEFILENAME$=
=$MOBILEPHONE_PATHATTCHFILE$$IMAGEFILENAME$=
=$MOBILEPHONE_PATHATTCHFILE$$IMAGEFILENAME$=
=$MOBILEPHONE_PATHATTCHFILE$$IMAGEFILENAME$=
=$MOBILEPHONE_PATHATTCHFILE$$IMAGEFILENAME$=
=$MOBILEPHONE_PATHATTCHFILE$$IMAGEFILENAME$=
=$MOBILEPHONE_PATHATTCHFILE$$IMAGEFILENAME$=
=$MOBILEPHONE_PATHATTCHFILE$$IMAGEFILENAME$=
=$MOBILEPHONE_PATHATTCHFILE$$IMAGEFILENAME$=
=$MOBILEPHONE_PATHATTCHFILE$$IMAGEFILENAME$=
=$MOBILEPHONE_PATHATTCHFILE$$IMAGEFILENAME$=
=$MOBILEPHONE_PATHATTCHFILE$$IMAGEFILENAME$=
=$MOBILEPHONE_PATHATTCHFILE$$IMAGEFILENAME$=
=$MOBILEPHONE_PATHATTCHFILE$$IMAGEFILENAME$=
=$MOBILEPHONE_PATHATTCHFILE$$IMAGEFILENAME$=
=$MOBILEPHONE_PATHATTCHFILE$$IMAGEFILENAME$=
=$MOBILEPHONE_PATHATTCHFILE$$IMAGEFILENAME$=
=$MOBILEPHONE_PATHATTCHFILE$$IMAGEFILENAME$=
=$MOBILEPHONE_PATHATTCHFILE$$IMAGEFILENAME$=
=$MOBILEPHONE_PATHATTCHFILE$$IMAGEFILENAME$=
=$MOBILEPHONE_PATHATTCHFILE$$IMAGEFILENAME$=
=$MOBILEPHONE_PATHATTCHFILE$$IMAGEFILENAME$=
=$MOBILEPHONE_PATHATTCHFILE$$IMAGEFILENAME$=
=$MOBILEPHONE_PATHATTCHFILE$$IMAGEFILENAME$=
=$MOBILEPHONE_PATHATTCHFILE$$IMAGEFILENAME$=
=$MOBILEPHONE_PATHATTCHFILE$$IMAGEFILENAME$=
=$MOBILEPHONE_PATHATTCHFILE$$IMAGEFILENAME$=
=$MOBILEPHONE_PATHATTCHFILE$$IMAGEFILENAME$=
=$MOBILEPHONE_PATHATTCHFILE$$IMAGEFILENAME$=
=$MOBILEPHONE_PATHATTCHFILE$$IMAGEFILENAME$=
=$MOBILEPHONE_PATHATTCHFILE$$IMAGEFILENAME$=
=$MOBILEPHONE_PATHATTCHFILE$$IMAGEFILENAME$=
=$MOBILEPHONE_PATHATTCHFILE$$IMAGEFILENAME$=
=$MOBILEPHONE_PATHATTCHFILE$$IMAGEFILENAME$=
=$MOBILEPHONE_PATHATTCHFILE$$IMAGEFILENAME$=
=$MOBILEPHONE_PATHATTCHFILE$$IMAGEFILENAME$=
=$MOBILEPHONE_PATHATTCHFILE$$IMAGEFILENAME$=
=$MOBILEPHONE_PATHATTCHFILE$$IMAGEFILENAME$=
=$MOBILEPHONE_PATHATTCHFILE$$IMAGEFILENAME$=
=$MOBILEPHONE_PATHATTCHFILE$$IMAGEFILENAME$=
=$MOBILEPHONE_PATHATTCHFILE$$IMAGEFILENAME$=
=$MOBILEPHONE_PATHATTCHFILE$$IMAGEFILENAME$=
=$MOBILEPHONE_PATHATTCHFILE$$IMAGEFILENAME$=
=$MOBILEPHONE_PATHATTCHFILE$$IMAGEFILENAME$=
=$MOBILEPHONE_PATHATTCHFILE$$IMAGEFILENAME$=
=$MOBILEPHONE_PATHATTCHFILE$$IMAGEFILENAME$=
=$MOBILEPHONE_PATHATTCHFILE$$IMAGEFILENAME$=
=$MOBILEPHONE_PATHATTCHFILE$$IMAGEFILENAME$=
=$MOBILEPHONE_PATHATTCHFILE$$IMAGEFILENAME$=
=$MOBILEPHONE_PATHATTCHFILE$$IMAGEFILENAME$=
=$MOBILEPHONE_PATHATTCHFILE$$IMAGEFILENAME$=
=$MOBILEPHONE_PATHATTCHFILE$$IMAGEFILENAME$=
=$MOBILEPHONE_PATHATTCHFILE$$IMAGEFILENAME$=
=$MOBILEPHONE_PATHATTCHFILE$$IMAGEFILENAME$=
=$MOBILEPHONE_PATHATTCHFILE$$IMAGEFILENAME$=
=$MOBILEPHONE_PATHATTCHFILE$$IMAGEFILENAME$=
=$MOBILEPHONE_PATHATTCHFILE$$IMAGEFILENAME$=
=$MOBILEPHONE_PATHATTCHFILE$$IMAGEFILENAME$=
=$MOBILEPHONE_PATHATTCHFILE$$IMAGEFILENAME$=
=$MOBILEPHONE_PATHATTCHFILE$$IMAGEFILENAME$=
=$MOBILEPHONE_PATHATTCHFILE$$IMAGEFILENAME$=
=$MOBILEPHONE_PATHATTCHFILE$$IMAGEFILENAME$=
=$MOBILEPHONE_PATHATTCHFILE$$IMAGEFILENAME$=
=$MOBILEPHONE_PATHATTCHFILE$$IMAGEFILENAME$=
=$MOBILEPHONE_PATHATTCHFILE$$IMAGEFILENAME$=
=$MOBILEPHONE_PATHATTCHFILE$$IMAGEFILENAME$=
=$MOBILEPHONE_PATHATTCHFILE$$IMAGEFILENAME$=
=$MOBILEPHONE_PATHATTCHFILE$$IMAGEFILENAME$=
=$MOBILEPHONE_PATHATTCHFILE$$IMAGEFILENAME$=
=$MOBILEPHONE_PATHATTCHFILE$$IMAGEFILENAME$=
=$MOBILEPHONE_PATHATTCHFILE$$IMAGEFILENAME$=
=$MOBILEPHONE_PATHATTCHFILE$$IMAGEFILENAME$=
=$MOBILEPHONE_PATHATTCHFILE$$IMAGEFILENAME$=
=$MOBILEPHONE_PATHATTCHFILE$$IMAGEFILENAME$=
=$MOBILEPHONE_PATHATTCHFILE$$IMAGEFILENAME$=
=$MOBILEPHONE_PATHATTCHFILE$$IMAGEFILENAME$=
=$MOBILEPHONE_PATHATTCHFILE$$IMAGEFILENAME$=
=$MOBILEPHONE_PATHATTCHFILE$$IMAGEFILENAME$=
=$MOBILEPHONE_PATHATTCHFILE$$IMAGEFILENAME$=
=$MOBILEPHONE_PATHATTCHFILE$$IMAGEFILENAME$=
=$MOBILEPHONE_PATHATTCHFILE$$IMAGEFILENAME$=
=$MOBILEPHONE_PATHATTCHFILE$$IMAGEFILENAME$=
=$MOBILEPHONE_PATHATTCHFILE$$IMAGEFILENAME$=
=$MOBILEPHONE_PATHATTCHFILE$$IMAGEFILENAME$=
=$MOBILEPHONE_PATHATTCHFILE$$IMAGEFILENAME$=
=$MOBILEPHONE_PATHATTCHFILE$$IMAGEFILENAME$=
=$MOBILEPHONE_PATHATTCHFILE$$IMAGEFILENAME$=
=$MOBILEPHONE_PATHATTCHFILE$$IMAGEFILENAME$=
=$MOBILEPHONE_PATHATTCHFILE$$IMAGEFILENAME$=
=$MOBILEPHONE_PATHATTCHFILE$$IMAGEFILENAME$=
=$MOBILEPHONE_PATHATTCHFILE$$IMAGEFILENAME$=
=$MOBILEPHONE_PATHATTCHFILE$$IMAGEFILENAME$=
=$MOBILEPHONE_PATHATTCHFILE$$IMAGEFILENAME$=
=$MOBILEPHONE_PATHATTCHFILE$$IMAGEFILENAME$=
=$MOBILEPHONE_PATHATTCHFILE$$IMAGEFILENAME$=
=$MOBILEPHONE_PATHATTCHFILE$$IMAGEFILENAME$=
=$MOBILEPHONE_PATHATTCHFILE$$IMAGEFILENAME$=
=$MOBILEPHONE_PATHATTCHFILE$$IMAGEFILENAME$=
=$MOBILEPHONE_PATHATTCHFILE$$IMAGEFILENAME$=
=$MOBILEPHONE_PATHATTCHFILE$$IMAGEFILENAME$=
=$MOBILEPHONE_PATHATTCHFILE$$IMAGEFILENAME$=
=$MOBILEPHONE_PATHATTCHFILE$$IMAGEFILENAME$=
=$MOBILEPHONE_PATHATTCHFILE$$IMAGEFILENAME$=
=$MOBILEPHONE_PATHATTCHFILE$$IMAGEFILENAME$=
=$MOBILEPHONE_PATHATTCHFILE$$IMAGEFILENAME$=
=$MOBILEPHONE_PATHATTCHFILE$$IMAGEFILENAME$=
=$MOBILEPHONE_PATHATTCHFILE$$IMAGEFILENAME$=
=$MOBILEPHONE_PATHATTCHFILE$$IMAGEFILENAME$=
=$MOBILEPHONE_PATHATTCHFILE$$IMAGEFILENAME$=
=$MOBILEPHONE_PATHATTCHFILE$$IMAGEFILENAME$=
=$MOBILEPHONE_PATHATTCHFILE$$IMAGEFILENAME$=
=$MOBILEPHONE_PATHATTCHFILE$$IMAGEFILENAME$=
=$MOBILEPHONE_PATHATTCHFILE$$IMAGEFILENAME$=
=$MOBILEPHONE_PATHATTCHFILE$$IMAGEFILENAME$=
=$MOBILEPHONE_PATHATTCHFILE$$IMAGEFILENAME$=
=$MOBILEPHONE_PATHATTCHFILE$$IMAGEFILENAME$=
=$MOBILEPHONE_PATHATTCHFILE$$IMAGEFILENAME$=
=$MOBILEPHONE_PATHATTCHFILE$$IMAGEFILENAME$=
=$MOBILEPHONE_PATHATTCHFILE$$IMAGEFILENAME$=
=$MOBILEPHONE_PATHATTCHFILE$$IMAGEFILENAME$=
=$MOBILEPHONE_PATHATTCHFILE$$IMAGEFILENAME$=
=$MOBILEPHONE_PATHATTCHFILE$$IMAGEFILENAME$=
=$MOBILEPHONE_PATHATTCHFILE$$IMAGEFILENAME$=
=$MOBILEPHONE_PATHATTCHFILE$$IMAGEFILENAME$=
=$MOBILEPHONE_PATHATTCHFILE$$IMAGEFILENAME$=
=$MOBILEPHONE_PATHATTCHFILE$$IMAGEFILENAME$=
=$MOBILEPHONE_PATHATTCHFILE$$IMAGEFILENAME$=
=$MOBILEPHONE_PATHATTCHFILE$$IMAGEFILENAME$=
=$MOBILEPHONE_PATHATTCHFILE$$IMAGEFILENAME$=
=$MOBILEPHONE_PATHATTCHFILE$$IMAGEFILENAME$=
=$MOBILEPHONE_PATHATTCHFILE$$IMAGEFILENAME$=
=$MOBILEPHONE_PATHATTCHFILE$$IMAGEFILENAME$=
=$MOBILEPHONE_PATHATTCHFILE$$IMAGEFILENAME$=
=$MOBILEPHONE_PATHATTCHFILE$$IMAGEFILENAME$=
=$MOBILEPHONE_PATHATTCHFILE$$IMAGEFILENAME$=
=$MOBILEPHONE_PATHATTCHFILE$$IMAGEFILENAME$=
=$MOBILEPHONE_PATHATTCHFILE$$IMAGEFILENAME$=
=$MOBILEPHONE_PATHATTCHFILE$$IMAGEFILENAME$=
=$MOBILEPHONE_PATHATTCHFILE$$IMAGEFILENAME$=
=$MOBILEPHONE_PATHATTCHFILE$$IMAGEFILENAME$=
=$MOBILEPHONE_PATHATTCHFILE$$IMAGEFILENAME$=
=$MOBILEPHONE_PATHATTCHFILE$$IMAGEFILENAME$=
=$MOBILEPHONE_PATHATTCHFILE$$IMAGEFILENAME$=
=$MOBILEPHONE_PATHATTCHFILE$$IMAGEFILENAME$=
=$MOBILEPHONE_PATHATTCHFILE$$IMAGEFILENAME$=
=$MOBILEPHONE_PATHATTCHFILE$$IMAGEFILENAME$=
=$MOBILEPHONE_PATHATTCHFILE$$IMAGEFILENAME$=
=$MOBILEPHONE_PATHATTCHFILE$$IMAGEFILENAME$=
=$MOBILEPHONE_PATHATTCHFILE$$IMAGEFILENAME$=
=$MOBILEPHONE_PATHATTCHFILE$$IMAGEFILENAME$=
=$MOBILEPHONE_PATHATTCHFILE$$IMAGEFILENAME$=
=$MOBILEPHONE_PATHATTCHFILE$$IMAGEFILENAME$=
=$MOBILEPHONE_PATHATTCHFILE$$IMAGEFILENAME$=
=$MOBILEPHONE_PATHATTCHFILE$$IMAGEFILENAME$=
=$MOBILEPHONE_PATHATTCHFILE$$IMAGEFILENAME$=
=$MOBILEPHONE_PATHATTCHFILE$$IMAGEFILENAME$=
=$MOBILEPHONE_PATHATTCHFILE$$IMAGEFILENAME$=
=$MOBILEPHONE_PATHATTCHFILE$$IMAGEFILENAME$=
=$MOBILEPHONE_PATHATTCHFILE$$IMAGEFILENAME$=
=$MOBILEPHONE_PATHATTCHFILE$$IMAGEFILENAME$=
=$MOBILEPHONE_PATHATTCHFILE$$IMAGEFILENAME$=
=$MOBILEPHONE_PATHATTCHFILE$$IMAGEFILENAME$=
=$MOBILEPHONE_PATHATTCHFILE$$IMAGEFILENAME$=
=$MOBILEPHONE_PATHATTCHFILE$$IMAGEFILENAME$=
=$MOBILEPHONE_PATHATTCHFILE$$IMAGEFILENAME$=
=$MOBILEPHONE_PATHATTCHFILE$$IMAGEFILENAME$=
=$MOBILEPHONE_PATHATTCHFILE$$IMAGEFILENAME$=
=$MOBILEPHONE_PATHATTCHFILE$$IMAGEFILENAME$=
=$MOBILEPHONE_PATHATTCHFILE$$IMAGEFILENAME$=
=$MOBILEPHONE_PATHATTCHFILE$$IMAGEFILENAME$=
=$MOBILEPHONE_PATHATTCHFILE$$IMAGEFILENAME$=
=$MOBILEPHONE_PATHATTCHFILE$$IMAGEFILENAME$=
=$MOBILEPHONE_PATHATTCHFILE$$IMAGEFILENAME$=
=$MOBILEPHONE_PATHATTCHFILE$$IMAGEFILENAME$=
=$MOBILEPHONE_PATHATTCHFILE$$IMAGEFILENAME$=
=$MOBILEPHONE_PATHATTCHFILE$$IMAGEFILENAME$=
=$MOBILEPHONE_PATHATTCHFILE$$IMAGEFILENAME$=
=$MOBILEPHONE_PATHATTCHFILE$$IMAGEFILENAME$=
=$MOBILEPHONE_PATHATTCHFILE$$IMAGEFILENAME$=
=$MOBILEPHONE_PATHATTCHFILE$$IMAGEFILENAME$=
=$MOBILEPHONE_PATHATTCHFILE$$IMAGEFILENAME$=
=$MOBILEPHONE_PATHATTCHFILE$$IMAGEFILENAME$=
=$MOBILEPHONE_PATHATTCHFILE$$IMAGEFILENAME$=
=$MOBILEPHONE_PATHATTCHFILE$$IMAGEFILENAME$=
=$MOBILEPHONE_PATHATTCHFILE$$IMAGEFILENAME$=
=$MOBILEPHONE_PATHATTCHFILE$$IMAGEFILENAME$=
=$MOBILEPHONE_PATHATTCHFILE$$IMAGEFILENAME$=
=$MOBILEPHONE_PATHATTCHFILE$$IMAGEFILENAME$=
=$MOBILEPHONE_PATHATTCHFILE$$IMAGEFILENAME$=
=$MOBILEPHONE_PATHATTCHFILE$$IMAGEFILENAME$=
=$MOBILEPHONE_PATHATTCHFILE$$IMAGEFILENAME$=
=$MOBILEPHONE_PATHATTCHFILE$$IMAGEFILENAME$=
=$MOBILEPHONE_PATHATTCHFILE$$IMAGEFILENAME$=
=$MOBILEPHONE_PATHATTCHFILE$$IMAGEFILENAME$=
=$MOBILEPHONE_PATHATTCHFILE$$IMAGEFILENAME$=
=$MOBILEPHONE_PATHATTCHFILE$$IMAGEFILENAME$=
=$MOBILEPHONE_PATHATTCHFILE$$IMAGEFILENAME$=
=$MOBILEPHONE_PATHATTCHFILE$$IMAGEFILENAME$=
=$MOBILEPHONE_PATHATTCHFILE$$IMAGEFILENAME$=
=$MOBILEPHONE_PATHATTCHFILE$$IMAGEFILENAME$=
=$MOBILEPHONE_PATHATTCHFILE$$IMAGEFILENAME$=
=$MOBILEPHONE_PATHATTCHFILE$$IMAGEFILENAME$=
=$MOBILEPHONE_PATHATTCHFILE$$IMAGEFILENAME$=
=$MOBILEPHONE_PATHATTCHFILE$$IMAGEFILENAME$=
=$MOBILEPHONE_PATHATTCHFILE$$IMAGEFILENAME$=
=$MOBILEPHONE_PATHATTCHFILE$$IMAGEFILENAME$=
=$MOBILEPHONE_PATHATTCHFILE$$IMAGEFILENAME$=
=$MOBILEPHONE_PATHATTCHFILE$$IMAGEFILENAME$=
=$MOBILEPHONE_PATHATTCHFILE$$IMAGEFILENAME$=
=$MOBILEPHONE_PATHATTCHFILE$$IMAGEFILENAME$=
=$MOBILEPHONE_PATHATTCHFILE$$IMAGEFILENAME$=
=$MOBILEPHONE_PATHATTCHFILE$$IMAGEFILENAME$=
=$MOBILEPHONE_PATHATTCHFILE$$IMAGEFILENAME$=
=$MOBILEPHONE_PATHATTCHFILE$$IMAGEFILENAME$=
=$MOBILEPHONE_PATHATTCHFILE$$IMAGEFILENAME$=
=$MOBILEPHONE_PATHATTCHFILE$$IMAGEFILENAME$=
=$MOBILEPHONE_PATHATTCHFILE$$IMAGEFILENAME$=
=$MOBILEPHONE_PATHATTCHFILE$$IMAGEFILENAME$=
=$MOBILEPHONE_PATHATTCHFILE$$IMAGEFILENAME$=
=$MOBILEPHONE_PATHATTCHFILE$$IMAGEFILENAME$=
=$MOBILEPHONE_PATHATTCHFILE$$IMAGEFILENAME$=
=$MOBILEPHONE_PATHATTCHFILE$$IMAGEFILENAME$=
=$MOBILEPHONE_PATHATTCHFILE$$IMAGEFILENAME$=
=$MOBILEPHONE_PATHATTCHFILE$$IMAGEFILENAME$=
=$MOBILEPHONE_PATHATTCHFILE$$IMAGEFILENAME$=
=$MOBILEPHONE_PATHATTCHFILE$$IMAGEFILENAME$=
=$MOBILEPHONE_PATHATTCHFILE$$IMAGEFILENAME$=
=$MOBILEPHONE_PATHATTCHFILE$$IMAGEFILENAME$=
=$MOBILEPHONE_PATHATTCHFILE$$IMAGEFILENAME$=
=$MOBILEPHONE_PATHATTCHFILE$$IMAGEFILENAME$=
=$MOBILEPHONE_PATHATTCHFILE$$IMAGEFILENAME$=
=$MOBILEPHONE_PATHATTCHFILE$$IMAGEFILENAME$=
=$MOBILEPHONE_PATHATTCHFILE$$IMAGEFILENAME$=
=$MOBILEPHONE_PATHATTCHFILE$$IMAGEFILENAME$=
=$MOBILEPHONE_PATHATTCHFILE$$IMAGEFILENAME$=
=$MOBILEPHONE_PATHATTCHFILE$$IMAGEFILENAME$=
=$MOBILEPHONE_PATHATTCHFILE$$IMAGEFILENAME$=
=$MOBILEPHONE_PATHATTCHFILE$$IMAGEFILENAME$=
=$MOBILEPHONE_PATHATTCHFILE$$IMAGEFILENAME$=
=$MOBILEPHONE_PATHATTCHFILE$$IMAGEFILENAME$=
=$MOBILEPHONE_PATHATTCHFILE$$IMAGEFILENAME$=
=$MOBILEPHONE_PATHATTCHFILE$$IMAGEFILENAME$=
mobilephone_msgfullname=
MOBILEPHONE_TRANSLATORFROMLANG=
GTRANSLATOR_ind_from=
OSK_HELP=
GTRANSLATOR=
GTRANSLATOR_ind_=
GTRANSLATOR_=
g=
gtran=
gtranslato=
gtranslator_money=
gtr=
gtransl=
rgtranslato=
trg=
translag=
translatorg=
GTRANS=
fiGTRANSLATOR_ind_from=
fileGTRANSLATOR_ind_from=
file;GTRANSLATOR_ind_from=
ile;GTRANSLATOR_ind_from=
GTRANSLATOR_in=
gt=
gtranslat=
mobilephone_translatorison=
ansgtr=
anslgtr=
anslatogtr=
anslatorgtr=
agtr=
atr=
a=
ragt=
aansgtr=
atoransgtr=
;GTRANSLATOR_ind_from=
