Mar 21 2009	22:02:17	Info: 	Version 1.0.0
Mar 21 2009	22:02:17	Info: 	Application initialization
Mar 21 2009	22:02:17	Debug:	Checking if currently connected to BlueSoleil Server.
Mar 21 2009	22:02:17	Debug:	Connected to BlueSoleil Server.
Mar 21 2009	22:02:17	Debug:	Looking for bluetooth adapter.
Mar 21 2009	22:02:17	Debug:	Bluetooth adapter found.
Mar 21 2009	22:02:17	Debug:	Bluetooth hardware is ready.
Mar 21 2009	22:02:17	Fatal:	Device handle not found for specified address.
Mar 21 2009	22:02:17	Info: 	Version 1.0.0
Mar 21 2009	22:02:17	Info: 	Application initialization
Mar 21 2009	22:02:17	Debug:	Checking if currently connected to BlueSoleil Server.
Mar 21 2009	22:02:17	Info: 	Not connected so initialising.
Mar 21 2009	22:02:17	Debug:	Connected to BlueSoleil Server.
Mar 21 2009	22:02:17	Debug:	Looking for bluetooth adapter.
Mar 21 2009	22:02:17	Debug:	Bluetooth adapter found.
Mar 21 2009	22:02:17	Debug:	Bluetooth hardware is ready.
Mar 21 2009	22:02:17	Fatal:	Device handle not found for specified address.
Mar 21 2009	22:02:17	Info: 	Version 1.0.0
Mar 21 2009	22:02:17	Info: 	Application initialization
Mar 21 2009	22:02:17	Debug:	Checking if currently connected to BlueSoleil Server.
Mar 21 2009	22:02:17	Debug:	Connected to BlueSoleil Server.
Mar 21 2009	22:02:17	Debug:	Looking for bluetooth adapter.
Mar 21 2009	22:02:17	Debug:	Bluetooth adapter found.
Mar 21 2009	22:02:17	Debug:	Bluetooth hardware is ready.
Mar 21 2009	22:02:17	Fatal:	Device handle not found for specified address.
Mar 21 2009	22:02:17	Info: 	Version 1.0.0
Mar 21 2009	22:02:17	Info: 	Application initialization
Mar 21 2009	22:02:17	Debug:	Checking if currently connected to BlueSoleil Server.
Mar 21 2009	22:02:17	Info: 	Not connected so initialising.
Mar 21 2009	22:02:17	Debug:	Connected to BlueSoleil Server.
Mar 21 2009	22:02:17	Debug:	Looking for bluetooth adapter.
Mar 21 2009	22:02:17	Debug:	Bluetooth adapter found.
Mar 21 2009	22:02:17	Debug:	Bluetooth hardware is ready.
Mar 21 2009	22:02:17	Fatal:	Device handle not found for specified address.
Mar 21 2009	22:02:17	Info: 	Version 1.0.0
Mar 21 2009	22:02:17	Info: 	Application initialization
Mar 21 2009	22:02:17	Debug:	Checking if currently connected to BlueSoleil Server.
Mar 21 2009	22:02:17	Debug:	Connected to BlueSoleil Server.
Mar 21 2009	22:02:17	Debug:	Looking for bluetooth adapter.
Mar 21 2009	22:02:17	Debug:	Bluetooth adapter found.
Mar 21 2009	22:02:17	Debug:	Bluetooth hardware is ready.
Mar 21 2009	22:02:17	Debug:	You have succeeded in getting a remote device's handle.
Mar 21 2009	22:02:17	Debug:	This event is not handled.
Mar 21 2009	22:02:17	Debug:	HF-->Cellular Network is available!
Mar 21 2009	22:02:17	Debug:	Signal strength.
Mar 21 2009	22:02:17	Debug:	This event is not handled.
Mar 21 2009	22:02:17	Debug:	Battery charge.
Mar 21 2009	22:02:17	Debug:	HF connection is created
Mar 21 2009	22:02:17	Debug:	ACL link has been established, but SCO link has not been yet.
Mar 21 2009	22:02:17	Debug:	Network operator.
Mar 21 2009	22:02:17	Debug:	This event is not handled.
Mar 21 2009	22:02:17	Debug:	Extend command is received
Mar 21 2009	22:02:17	Debug:	This event is not handled.
Mar 21 2009	22:02:17	Debug:	Extend command is received
Mar 21 2009	22:02:17	Debug:	Dialing number
Mar 21 2009	22:02:17	Debug:	AG is in outgoing state.
Mar 21 2009	22:02:17	Debug:	AG-->SCO Audio Connection is Established.
Mar 21 2009	22:02:17	Debug:	ACL link has been established, but SCO link has not been yet.
Mar 21 2009	22:02:17	Debug:	AG-->SCO Audio Connection is released.
Mar 21 2009	22:02:17	Debug:	Dialing number
Mar 21 2009	22:02:17	Debug:	AG is in outgoing state.
Mar 21 2009	22:02:17	Debug:	AG-->SCO Audio Connection is Established.
Mar 21 2009	22:02:17	Debug:	Rejecting call
Mar 21 2009	22:02:17	Debug:	ACL link has been established, but SCO link has not been yet.
Mar 21 2009	22:02:17	Debug:	AG-->SCO Audio Connection is released.
Mar 21 2009	22:02:17	Debug:	Requesting Network operator name
Mar 21 2009	22:02:17	Debug:	Network operator.
Mar 21 2009	22:02:17	Debug:	Requesting Subscriber Info
Mar 21 2009	22:02:17	Debug:	Ringing
Mar 21 2009	22:02:17	Debug:	Ringing
Mar 21 2009	22:02:17	Debug:	Caller id event received.
Mar 21 2009	22:02:17	Debug:	Caller id event received.
Mar 21 2009	22:02:17	Debug:	Ringing
Mar 21 2009	22:02:17	Debug:	Caller id event received.
Mar 21 2009	22:02:17	Debug:	Ringing
Mar 21 2009	22:02:17	Debug:	Caller id event received.
Mar 21 2009	22:02:17	Debug:	Ringing
Mar 21 2009	22:02:17	Debug:	Caller id event received.
Mar 21 2009	22:02:17	Debug:	Ringing
Mar 21 2009	22:02:17	Debug:	Answering call
Mar 21 2009	22:02:17	Debug:	AG-->SCO Audio Connection is Established.
Mar 21 2009	22:02:17	Debug:	This event is not handled.
Mar 21 2009	22:02:17	Debug:	This event is not handled.
Mar 21 2009	22:02:17	Debug:	Requesting Network operator name
Mar 21 2009	22:02:17	Debug:	Network operator.
Mar 21 2009	22:02:17	Debug:	Requesting Subscriber Info
Mar 21 2009	22:02:17	Debug:	Rejecting call
Mar 21 2009	22:02:17	Debug:	ACL link has been established, but SCO link has not been yet.
Mar 21 2009	22:02:17	Debug:	AG-->SCO Audio Connection is released.
Mar 21 2009	22:02:17	Debug:	Signal strength.
Mar 21 2009	22:02:17	Debug:	Signal strength.
Mar 21 2009	22:02:17	Info: 	Version 1.0.0
Mar 21 2009	22:02:17	Info: 	Application initialization
Mar 21 2009	22:02:17	Debug:	Checking if currently connected to BlueSoleil Server.
Mar 21 2009	22:02:17	Info: 	Not connected so initialising.
Mar 21 2009	22:02:17	Debug:	Connected to BlueSoleil Server.
Mar 21 2009	22:02:17	Debug:	Looking for bluetooth adapter.
Mar 21 2009	22:02:17	Debug:	Bluetooth adapter found.
Mar 21 2009	22:02:17	Debug:	Bluetooth hardware is ready.
Mar 21 2009	22:02:17	Debug:	You have succeeded in getting a remote device's handle.
Mar 21 2009	22:02:17	Debug:	This event is not handled.
Mar 21 2009	22:02:17	Debug:	HF-->Cellular Network is available!
Mar 21 2009	22:02:17	Debug:	Signal strength.
Mar 21 2009	22:02:17	Debug:	This event is not handled.
Mar 21 2009	22:02:17	Debug:	Battery charge.
Mar 21 2009	22:02:17	Debug:	HF connection is created
Mar 21 2009	22:02:17	Debug:	ACL link has been established, but SCO link has not been yet.
Mar 21 2009	22:02:17	Debug:	Network operator.
Mar 21 2009	22:02:17	Debug:	This event is not handled.
Mar 21 2009	22:02:17	Debug:	Extend command is received
Mar 21 2009	22:02:17	Debug:	This event is not handled.
Mar 21 2009	22:02:17	Debug:	Extend command is received
Mar 21 2009	22:02:17	Info: 	Version 1.0.0
Mar 21 2009	22:02:17	Info: 	Application initialization
Mar 21 2009	22:02:17	Debug:	Checking if currently connected to BlueSoleil Server.
Mar 21 2009	22:02:17	Debug:	Connected to BlueSoleil Server.
Mar 21 2009	22:02:17	Debug:	Looking for bluetooth adapter.
Mar 21 2009	22:02:17	Debug:	Bluetooth adapter found.
Mar 21 2009	22:02:17	Debug:	Bluetooth hardware is ready.
Mar 21 2009	22:02:17	Debug:	You have succeeded in getting a remote device's handle.
Mar 21 2009	22:02:17	Debug:	This event is not handled.
Mar 21 2009	22:02:17	Debug:	HF-->Cellular Network is available!
Mar 21 2009	22:02:17	Debug:	This event is not handled.
Mar 21 2009	22:02:17	Debug:	This event is not handled.
Mar 21 2009	22:02:17	Debug:	This event is not handled.
Mar 21 2009	22:02:17	Debug:	Signal strength.
Mar 21 2009	22:02:17	Debug:	This event is not handled.
Mar 21 2009	22:02:17	Debug:	Battery charge.
Mar 21 2009	22:02:17	Debug:	HF connection is created
Mar 21 2009	22:02:17	Debug:	ACL link has been established, but SCO link has not been yet.
Mar 21 2009	22:02:17	Debug:	Network operator.
Mar 21 2009	22:02:17	Debug:	This event is not handled.
Mar 21 2009	22:02:17	Debug:	This event is not handled.
Mar 21 2009	22:02:17	Debug:	Requesting Network operator name
Mar 21 2009	22:02:17	Debug:	Network operator.
Mar 21 2009	22:02:17	Debug:	Requesting Subscriber Info
Mar 21 2009	22:02:17	Debug:	Extend command is received
Mar 21 2009	22:02:17	Debug:	Subscriber.
Mar 21 2009	22:02:17	Debug:	HF connection is released
Mar 21 2009	22:02:17	Info: 	Version 1.0.0
Mar 21 2009	22:02:17	Info: 	Application initialization
Mar 21 2009	22:02:17	Debug:	Checking if currently connected to BlueSoleil Server.
Mar 21 2009	22:02:17	Info: 	Not connected so initialising.
Mar 21 2009	22:02:17	Debug:	Connected to BlueSoleil Server.
Mar 21 2009	22:02:17	Debug:	Looking for bluetooth adapter.
Mar 21 2009	22:02:17	Debug:	Bluetooth adapter found.
Mar 21 2009	22:02:17	Debug:	Bluetooth hardware is ready.
Mar 21 2009	22:02:17	Debug:	You have succeeded in getting a remote device's handle.
Mar 21 2009	22:02:17	Info: 	Version 1.0.0
Mar 21 2009	22:02:17	Info: 	Application initialization
Mar 21 2009	22:02:17	Debug:	Checking if currently connected to BlueSoleil Server.
Mar 21 2009	22:02:17	Debug:	Connected to BlueSoleil Server.
Mar 21 2009	22:02:17	Debug:	Looking for bluetooth adapter.
Mar 21 2009	22:02:17	Debug:	Bluetooth adapter found.
Mar 21 2009	22:02:17	Debug:	Bluetooth hardware is ready.
Mar 21 2009	22:02:17	Debug:	You have succeeded in getting a remote device's handle.
Mar 21 2009	22:02:17	Debug:	This event is not handled.
Mar 21 2009	22:02:17	Debug:	HF-->Cellular Network is available!
Mar 21 2009	22:02:17	Debug:	This event is not handled.
Mar 21 2009	22:02:17	Debug:	This event is not handled.
Mar 21 2009	22:02:17	Debug:	This event is not handled.
Mar 21 2009	22:02:17	Debug:	Signal strength.
Mar 21 2009	22:02:17	Debug:	This event is not handled.
Mar 21 2009	22:02:17	Debug:	Battery charge.
Mar 21 2009	22:02:17	Debug:	HF connection is created
Mar 21 2009	22:02:17	Debug:	ACL link has been established, but SCO link has not been yet.
Mar 21 2009	22:02:17	Debug:	Network operator.
Mar 21 2009	22:02:17	Debug:	This event is not handled.
Mar 21 2009	22:02:17	Debug:	This event is not handled.
Mar 21 2009	22:02:17	Debug:	Requesting Network operator name
Mar 21 2009	22:02:17	Debug:	Network operator.
Mar 21 2009	22:02:17	Debug:	Requesting Subscriber Info
Mar 21 2009	22:02:17	Debug:	Extend command is received
Mar 21 2009	22:02:17	Debug:	Subscriber.
Mar 21 2009	22:02:17	Info: 	Version 1.0.0
Mar 21 2009	22:02:17	Info: 	Application initialization
Mar 21 2009	22:02:17	Debug:	Checking if currently connected to BlueSoleil Server.
Mar 21 2009	22:02:17	Info: 	Not connected so initialising.
Mar 21 2009	22:02:17	Debug:	Connected to BlueSoleil Server.
Mar 21 2009	22:02:17	Debug:	Looking for bluetooth adapter.
Mar 21 2009	22:02:17	Debug:	Bluetooth adapter found.
Mar 21 2009	22:02:17	Debug:	Bluetooth hardware is ready.
Mar 21 2009	22:02:17	Fatal:	Device handle not found for specified address.
